This is pdfTeX, Version 3.14159265-2.6-1.40.16 (TeX Live 2015) (preloaded format=pdflatex 2015.7.26)  19 DEC 2015 03:12
entering extended mode
 restricted \write18 enabled.
 %&-line parsing enabled.
**"Brief an Herrn Christoph.tex"
(./Brief an Herrn Christoph.tex
LaTeX2e <2015/01/01> patch level 2
Babel <3.9l> and hyphenation patterns for 37 languages loaded.
(/usr/share/texmf-dist/tex/latex/koma-script/scrlttr2.cls
Document Class: scrlttr2 2015/07/02 v3.18 KOMA-Script document class (letter)
(/usr/share/texmf-dist/tex/latex/koma-script/scrkbase.sty
Package: scrkbase 2015/07/02 v3.18 KOMA-Script package (KOMA-Script-dependent b
asics and keyval usage)

(/usr/share/texmf-dist/tex/latex/koma-script/scrbase.sty
Package: scrbase 2015/07/02 v3.18 KOMA-Script package (KOMA-Script-independent 
basics and keyval usage)

(/usr/share/texmf-dist/tex/latex/graphics/keyval.sty
Package: keyval 2014/10/28 v1.15 key=value parser (DPC)
\KV@toks@=\toks14
)
(/usr/share/texmf-dist/tex/latex/koma-script/scrlfile.sty
Package: scrlfile 2015/07/02 v3.18 KOMA-Script package (loading files)

Package scrlfile, 2015/07/02 v3.18 KOMA-Script package (loading files)
                  Copyright (C) Markus Kohm

)))
Package scrlttr2 Info: You've used standard option `10pt'.
(scrlttr2)             This is correct!
(scrlttr2)             Internally I'm using `fontsize=10pt'.
(scrlttr2)             If you'd like to set the option with \KOMAoptions,
(scrlttr2)             you'd have to use `fontsize=10pt' there
(scrlttr2)             instead of `10pt', too.
Class scrlttr2 Info: File `scrsize10pt.clo' used to setup font sizes on input l
ine 1757.
 (/usr/share/texmf-dist/tex/latex/koma-script/scrsize10pt.clo
File: scrsize10pt.clo 2015/07/02 v3.18 KOMA-Script font size class option (10pt
)
)
LaTeX Info: Redefining \textsubscript on input line 1851.

(/usr/share/texmf-dist/tex/latex/koma-script/typearea.sty
Package: typearea 2015/07/02 v3.18 KOMA-Script package (type area)

Package typearea, 2015/07/02 v3.18 KOMA-Script package (type area)
                  Copyright (C) Frank Neukam, 1992-1994
                  Copyright (C) Markus Kohm, 1994-

\ta@bcor=\skip41
\ta@div=\count79
\ta@hblk=\skip42
\ta@vblk=\skip43
\ta@temp=\skip44
\footheight=\skip45
Package typearea Info: These are the values describing the layout:
(typearea)             DIV  = 8
(typearea)             BCOR = 0.0pt
(typearea)             \paperwidth      = 597.50793pt
(typearea)              \textwidth      = 373.44246pt
(typearea)              DIV departure   = -4%
(typearea)              \evensidemargin = 39.76274pt
(typearea)              \oddsidemargin  = 39.76274pt
(typearea)             \paperheight     = 845.04694pt
(typearea)              \textheight     = 538.0pt
(typearea)              \topmargin      = 0.36087pt
(typearea)              \headheight     = 15.0pt
(typearea)              \headsep        = 18.0pt
(typearea)              \topskip        = 10.0pt
(typearea)              \footskip       = 42.0pt
(typearea)              \baselineskip   = 12.0pt
(typearea)              on input line 1506.
))
Class scrlttr2 Info: Letter-Class-Option `DIN' loaded on input line 11.
 (/usr/share/texmf-dist/tex/latex/koma-script/DIN.lco
File: DIN.lco 2015/07/02 v3.18 KOMA-Script letter-class-option
)
(/usr/share/texmf-dist/tex/latex/base/fontenc.sty
Package: fontenc 2005/09/27 v1.99g Standard LaTeX package

(/usr/share/texmf-dist/tex/latex/base/t1enc.def
File: t1enc.def 2005/09/27 v1.99g Standard LaTeX file
LaTeX Font Info:    Redeclaring font encoding T1 on input line 48.
))
(/usr/share/texmf-dist/tex/latex/base/inputenc.sty
Package: inputenc 2015/03/17 v1.2c Input encoding file
\inpenc@prehook=\toks15
\inpenc@posthook=\toks16

(/usr/share/texmf-dist/tex/latex/base/latin1.def
File: latin1.def 2015/03/17 v1.2c Input encoding file
))
(/usr/share/texmf-dist/tex/generic/babel/babel.sty
Package: babel 2014/09/25 3.9l The Babel package

(/usr/share/texmf-dist/tex/generic/babel-german/ngerman.ldf
Language: ngerman 2013/12/13 v2.7 German support for babel (new orthography)

(/usr/share/texmf-dist/tex/generic/babel-german/ngermanb.ldf
Language: ngermanb 2013/12/13 v2.7 German support for babel (new orthography)

(/usr/share/texmf-dist/tex/generic/babel/babel.def
File: babel.def 2014/09/25 3.9l Babel common definitions
\babel@savecnt=\count80
\U@D=\dimen102
)
\l@naustrian = a dialect from \language\l@ngerman 
\l@nswissgerman = a dialect from \language\l@ngerman 
Package babel Info: Making " an active character on input line 88.
)))
(/usr/share/texmf-dist/tex/latex/lm/lmodern.sty
Package: lmodern 2009/10/30 v1.6 Latin Modern Fonts
LaTeX Font Info:    Overwriting symbol font `operators' in version `normal'
(Font)                  OT1/cmr/m/n --> OT1/lmr/m/n on input line 22.
LaTeX Font Info:    Overwriting symbol font `letters' in version `normal'
(Font)                  OML/cmm/m/it --> OML/lmm/m/it on input line 23.
LaTeX Font Info:    Overwriting symbol font `symbols' in version `normal'
(Font)                  OMS/cmsy/m/n --> OMS/lmsy/m/n on input line 24.
LaTeX Font Info:    Overwriting symbol font `largesymbols' in version `normal'
(Font)                  OMX/cmex/m/n --> OMX/lmex/m/n on input line 25.
LaTeX Font Info:    Overwriting symbol font `operators' in version `bold'
(Font)                  OT1/cmr/bx/n --> OT1/lmr/bx/n on input line 26.
LaTeX Font Info:    Overwriting symbol font `letters' in version `bold'
(Font)                  OML/cmm/b/it --> OML/lmm/b/it on input line 27.
LaTeX Font Info:    Overwriting symbol font `symbols' in version `bold'
(Font)                  OMS/cmsy/b/n --> OMS/lmsy/b/n on input line 28.
LaTeX Font Info:    Overwriting symbol font `largesymbols' in version `bold'
(Font)                  OMX/cmex/m/n --> OMX/lmex/m/n on input line 29.
LaTeX Font Info:    Overwriting math alphabet `\mathbf' in version `normal'
(Font)                  OT1/cmr/bx/n --> OT1/lmr/bx/n on input line 31.
LaTeX Font Info:    Overwriting math alphabet `\mathsf' in version `normal'
(Font)                  OT1/cmss/m/n --> OT1/lmss/m/n on input line 32.
LaTeX Font Info:    Overwriting math alphabet `\mathit' in version `normal'
(Font)                  OT1/cmr/m/it --> OT1/lmr/m/it on input line 33.
LaTeX Font Info:    Overwriting math alphabet `\mathtt' in version `normal'
(Font)                  OT1/cmtt/m/n --> OT1/lmtt/m/n on input line 34.
LaTeX Font Info:    Overwriting math alphabet `\mathbf' in version `bold'
(Font)                  OT1/cmr/bx/n --> OT1/lmr/bx/n on input line 35.
LaTeX Font Info:    Overwriting math alphabet `\mathsf' in version `bold'
(Font)                  OT1/cmss/bx/n --> OT1/lmss/bx/n on input line 36.
LaTeX Font Info:    Overwriting math alphabet `\mathit' in version `bold'
(Font)                  OT1/cmr/bx/it --> OT1/lmr/bx/it on input line 37.
LaTeX Font Info:    Overwriting math alphabet `\mathtt' in version `bold'
(Font)                  OT1/cmtt/m/n --> OT1/lmtt/m/n on input line 38.
)
(./Brief an Herrn Christoph.aux)
\openout1 = `"Brief an Herrn Christoph.aux"'.

LaTeX Font Info:    Checking defaults for OML/cmm/m/it on input line 22.
LaTeX Font Info:    ... okay on input line 22.
LaTeX Font Info:    Checking defaults for T1/cmr/m/n on input line 22.
LaTeX Font Info:    ... okay on input line 22.
LaTeX Font Info:    Checking defaults for OT1/cmr/m/n on input line 22.
LaTeX Font Info:    ... okay on input line 22.
LaTeX Font Info:    Checking defaults for OMS/cmsy/m/n on input line 22.
LaTeX Font Info:    ... okay on input line 22.
LaTeX Font Info:    Checking defaults for OMX/cmex/m/n on input line 22.
LaTeX Font Info:    ... okay on input line 22.
LaTeX Font Info:    Checking defaults for U/cmr/m/n on input line 22.
LaTeX Font Info:    ... okay on input line 22.
LaTeX Font Info:    Try loading font information for T1+lmss on input line 22.
 (/usr/share/texmf-dist/tex/latex/lm/t1lmss.fd
File: t1lmss.fd 2009/10/30 v1.6 Font defs for Latin Modern
)
Class scrlttr2 Info: no date found for language `american'
(scrlttr2)           --> skipped on input line 22.
Class scrlttr2 Info: no date found for language `australien'
(scrlttr2)           --> skipped on input line 22.
Class scrlttr2 Info: no date found for language `british'
(scrlttr2)           --> skipped on input line 22.
Class scrlttr2 Info: no date found for language `canadian'
(scrlttr2)           --> skipped on input line 22.
Class scrlttr2 Info: no date found for language `newzealand'
(scrlttr2)           --> skipped on input line 22.
Class scrlttr2 Info: no date found for language `USenglish'
(scrlttr2)           --> skipped on input line 22.
Class scrlttr2 Info: no date found for language `UKenglish'
(scrlttr2)           --> skipped on input line 22.
Package scrbase Info: activating ngerman \yourrefname on input line 22.
Package scrbase Info: activating ngerman \yourmailname on input line 22.
Package scrbase Info: activating ngerman \myrefname on input line 22.
Package scrbase Info: activating ngerman \customername on input line 22.
Package scrbase Info: activating ngerman \invoicename on input line 22.
Package scrbase Info: activating ngerman \subjectname on input line 22.
Package scrbase Info: activating ngerman \headfromname on input line 22.
Package scrbase Info: activating ngerman \datename on input line 22.
Package scrbase Info: activating ngerman \phonename on input line 22.
Package scrbase Info: activating ngerman \mobilephonename on input line 22.
Package scrbase Info: activating ngerman \faxname on input line 22.
Package scrbase Info: activating ngerman \emailname on input line 22.
Package scrbase Info: activating ngerman \wwwname on input line 22.
Package scrbase Info: activating ngerman \bankname on input line 22.
Class scrlttr2 Info: no date found for language `german'
(scrlttr2)           --> skipped on input line 22.
Class scrlttr2 Info: no date found for language `austrian'
(scrlttr2)           --> skipped on input line 22.
Class scrlttr2 Info: no date found for language `swissgerman'
(scrlttr2)           --> skipped on input line 22.
Class scrlttr2 Info: no date found for language `acadian'
(scrlttr2)           --> skipped on input line 22.
Class scrlttr2 Info: no date found for language `canadien'
(scrlttr2)           --> skipped on input line 22.
Class scrlttr2 Info: no date found for language `francais'
(scrlttr2)           --> skipped on input line 22.
Class scrlttr2 Info: no date found for language `french'
(scrlttr2)           --> skipped on input line 22.
Class scrlttr2 Info: no date found for language `italian'
(scrlttr2)           --> skipped on input line 22.
Class scrlttr2 Info: no date found for language `spanish'
(scrlttr2)           --> skipped on input line 22.
Class scrlttr2 Info: no date found for language `croatian'
(scrlttr2)           --> skipped on input line 22.
Class scrlttr2 Info: no date found for language `dutch'
(scrlttr2)           --> skipped on input line 22.
Class scrlttr2 Info: no date found for language `finnish'
(scrlttr2)           --> skipped on input line 22.
Class scrlttr2 Info: no date found for language `norsk'
(scrlttr2)           --> skipped on input line 22.
Class scrlttr2 Info: no date found for language `swedish'
(scrlttr2)           --> skipped on input line 22.
Class scrlttr2 Info: no date found for language `polish'
(scrlttr2)           --> skipped on input line 22.
Class scrlttr2 Info: no date found for language `czech'
(scrlttr2)           --> skipped on input line 22.
Class scrlttr2 Info: no date found for language `slovak'
(scrlttr2)           --> skipped on input line 22.
Class scrlttr2 Info: trying to activate captions and date
(scrlttr2)           of language `ngerman' on input line 22.
Class scrlttr2 Info: used language is `ngerman'.
(scrlttr2)           Supported languages are: `english', `UKenglish',
(scrlttr2)           `british', `american', `USenglish', `australian`,
(scrlttr2)           `canadian', `newzealand',
(scrlttr2)           `german', `ngerman', `austrian', `naustrian',
(scrlttr2)           `swissgerman', `nswissgermsn',
(scrlttr2)           `acadian', `canadien', `francais', `french', 
(scrlttr2)           `dutch', `italian', `spanish', `polish',
(scrlttr2)           `croatian', `finnish', `norsk', `swedish',
(scrlttr2)           `czech'. `slovak'  on input line 22.
Foldmarks: yes
Head of first page
Foot of first page
Address (backaddress, addressee)
LaTeX Font Info:    Try loading font information for OT1+lmr on input line 56.
(/usr/share/texmf-dist/tex/latex/lm/ot1lmr.fd
File: ot1lmr.fd 2009/10/30 v1.6 Font defs for Latin Modern
)
LaTeX Font Info:    Try loading font information for OML+lmm on input line 56.

(/usr/share/texmf-dist/tex/latex/lm/omllmm.fd
File: omllmm.fd 2009/10/30 v1.6 Font defs for Latin Modern
)
LaTeX Font Info:    Try loading font information for OMS+lmsy on input line 56.


(/usr/share/texmf-dist/tex/latex/lm/omslmsy.fd
File: omslmsy.fd 2009/10/30 v1.6 Font defs for Latin Modern
)
LaTeX Font Info:    Try loading font information for OMX+lmex on input line 56.


(/usr/share/texmf-dist/tex/latex/lm/omxlmex.fd
File: omxlmex.fd 2009/10/30 v1.6 Font defs for Latin Modern
)
LaTeX Font Info:    External font `lmex10' loaded for size
(Font)              <10> on input line 56.
LaTeX Font Info:    External font `lmex10' loaded for size
(Font)              <7> on input line 56.
LaTeX Font Info:    External font `lmex10' loaded for size
(Font)              <5> on input line 56.

Location field: empty
Title: no
Subject: before opening
[1

{/var/lib/texmf/fonts/map/pdftex/updmap/pdftex.map}]
(./Brief an Herrn Christoph.aux) ) 
Here is how much of TeX's memory you used:
 2300 strings out of 494322
 35202 string characters out of 6163317
 171149 words of memory out of 5000000
 5594 multiletter control sequences out of 15000+600000
 34800 words of font info for 32 fonts, out of 8000000 for 9000
 372 hyphenation exceptions out of 8191
 41i,9n,50p,240b,295s stack positions out of 5000i,500n,10000p,200000b,80000s
{/usr/share/texmf-dist/fonts/enc/dvips/lm/lm-
ec.enc}</usr/share/texmf-dist/fonts/type1/public/lm/lmss10.pfb></usr/share/texm
f-dist/fonts/type1/public/lm/lmss8.pfb></usr/share/texmf-dist/fonts/type1/publi
c/lm/lmssbx10.pfb>
Output written on "Brief an Herrn Christoph.pdf" (1 page, 65140 bytes).
PDF statistics:
 21 PDF objects out of 1000 (max. 8388607)
 14 compressed objects within 1 object stream
 0 named destinations out of 1000 (max. 500000)
 1 words of extra memory for PDF output out of 10000 (max. 10000000)

