This is pdfTeX, Version 3.14159265-2.6-1.40.21 (TeX Live 2020) (preloaded format=pdflatex 2020.12.24)  30 DEC 2020 20:32
entering extended mode
 restricted \write18 enabled.
 %&-line parsing enabled.
**Kündigung_LAJT.tex
(./Kündigung_LAJT.tex
LaTeX2e <2020-02-02> patch level 5
L3 programming layer <2020-04-06>
(/usr/share/texlive/texmf-dist/tex/latex/koma-script/scrlttr2.cls
Document Class: scrlttr2 2020/04/19 v3.30 KOMA-Script document class (letter)
(/usr/share/texlive/texmf-dist/tex/latex/koma-script/scrkbase.sty
Package: scrkbase 2020/04/19 v3.30 KOMA-Script package (KOMA-Script-dependent b
asics and keyval usage)

(/usr/share/texlive/texmf-dist/tex/latex/koma-script/scrbase.sty
Package: scrbase 2020/04/19 v3.30 KOMA-Script package (KOMA-Script-independent 
basics and keyval usage)

(/usr/share/texlive/texmf-dist/tex/latex/graphics/keyval.sty
Package: keyval 2014/10/28 v1.15 key=value parser (DPC)
\KV@toks@=\toks15
)
(/usr/share/texlive/texmf-dist/tex/latex/koma-script/scrlfile.sty
Package: scrlfile 2020/04/19 v3.30 KOMA-Script package (loading files)
)))
Package scrbase Info: Unknown processing state.
(scrbase)             Processing option `locfield=narrow'
(scrbase)             of member `.scrlttr2.cls' of family
(scrbase)             `KOMA' doesn't set
(scrbase)             a valid state. This will be interpreted
(scrbase)             as \FamilyKeyStateProcessed on input line 1485.
Class scrlttr2 Info: File `scrsize10pt.clo' used to setup font sizes on input l
ine 1888.

(/usr/share/texlive/texmf-dist/tex/latex/koma-script/scrsize10pt.clo
File: scrsize10pt.clo 2020/04/19 v3.30 KOMA-Script font size class option (10pt
)
)
(/usr/share/texlive/texmf-dist/tex/latex/koma-script/typearea.sty
Package: typearea 2020/04/19 v3.30 KOMA-Script package (type area)
\ta@bcor=\skip47
\ta@div=\count167
\ta@hblk=\skip48
\ta@vblk=\skip49
\ta@temp=\skip50
\footheight=\skip51
Package typearea Info: These are the values describing the layout:
(typearea)             DIV  = 8
(typearea)             BCOR = 0.0pt
(typearea)             \paperwidth      = 597.50793pt
(typearea)              \textwidth      = 373.44246pt
(typearea)              DIV departure   = -4%
(typearea)              \evensidemargin = 39.76274pt
(typearea)              \oddsidemargin  = 39.76274pt
(typearea)             \paperheight     = 845.04694pt
(typearea)              \textheight     = 502.0pt
(typearea)              \topmargin      = 33.36087pt
(typearea)              \headheight     = 15.0pt
(typearea)              \headsep        = 18.0pt
(typearea)              \topskip        = 10.0pt
(typearea)              \footskip       = 42.0pt
(typearea)              \baselineskip   = 12.0pt
(typearea)              on input line 1738.
)
\c@letter=\count168
)
Class scrlttr2 Info: Letter-Class-Option `DIN' loaded on input line 43.

(/usr/share/texlive/texmf-dist/tex/latex/koma-script/DIN.lco
File: DIN.lco 2020/04/19 v3.30 KOMA-Script letter-class-option
)
(/usr/share/texlive/texmf-dist/tex/generic/babel/babel.sty
Package: babel 2020/03/22 3.42 The Babel package

(/usr/share/texlive/texmf-dist/tex/generic/babel/switch.def
File: switch.def 2020/03/22 3.42 Babel switching mechanism
)
(/usr/share/texlive/texmf-dist/tex/generic/babel-polish/polish.ldf
Language: polish 2005/03/31 v1.2l Polish support from the babel system

(/usr/share/texlive/texmf-dist/tex/generic/babel/babel.def
File: babel.def 2020/03/22 3.42 Babel common definitions
\babel@savecnt=\count169
\U@D=\dimen134

(/usr/share/texlive/texmf-dist/tex/generic/babel/txtbabel.def)
\bbl@readstream=\read2
\bbl@dirlevel=\count170
)

Package babel Warning: No hyphenation patterns were preloaded for
(babel)                the language `Polish' into the format.
(babel)                Please, configure your TeX system to add them and
(babel)                rebuild the format. Now I will use the patterns
(babel)                preloaded for english instead on input line 52.

Package babel Info: \l@polish = using hyphenrules for english
(babel)             (\language0) on input line 53.
Package babel Info: Making " an active character on input line 83.
\pl@left=\dimen135
\pl@down=\dimen136
\pl@right=\dimen137
\pl@temp=\dimen138
)) (/usr/share/texlive/texmf-dist/tex/latex/base/fontenc.sty
Package: fontenc 2020/02/11 v2.0o Standard LaTeX package
)
(/usr/share/texlive/texmf-dist/tex/latex/base/inputenc.sty
Package: inputenc 2018/08/11 v1.3c Input encoding file
\inpenc@prehook=\toks16
\inpenc@posthook=\toks17
)
(/usr/share/texlive/texmf-dist/tex/latex/url/url.sty
\Urlmuskip=\muskip16
Package: url 2013/09/16  ver 3.4  Verb mode for urls, etc.
)
Package scrkbase Info: You've told me to redefine the font selection of the
(scrkbase)             element `subject' that is an alias of element
(scrkbase)             `lettersubject' on input line 52.

(/usr/share/texlive/texmf-dist/tex/latex/psnfss/mathptmx.sty
Package: mathptmx 2020/03/25 PSNFSS-v9.3 Times w/ Math, improved (SPQR, WaS) 
LaTeX Font Info:    Redeclaring symbol font `operators' on input line 28.
LaTeX Font Info:    Overwriting symbol font `operators' in version `normal'
(Font)                  OT1/cmr/m/n --> OT1/ztmcm/m/n on input line 28.
LaTeX Font Info:    Overwriting symbol font `operators' in version `bold'
(Font)                  OT1/cmr/bx/n --> OT1/ztmcm/m/n on input line 28.
LaTeX Font Info:    Redeclaring symbol font `letters' on input line 29.
LaTeX Font Info:    Overwriting symbol font `letters' in version `normal'
(Font)                  OML/cmm/m/it --> OML/ztmcm/m/it on input line 29.
LaTeX Font Info:    Overwriting symbol font `letters' in version `bold'
(Font)                  OML/cmm/b/it --> OML/ztmcm/m/it on input line 29.
LaTeX Font Info:    Redeclaring symbol font `symbols' on input line 30.
LaTeX Font Info:    Overwriting symbol font `symbols' in version `normal'
(Font)                  OMS/cmsy/m/n --> OMS/ztmcm/m/n on input line 30.
LaTeX Font Info:    Overwriting symbol font `symbols' in version `bold'
(Font)                  OMS/cmsy/b/n --> OMS/ztmcm/m/n on input line 30.
LaTeX Font Info:    Redeclaring symbol font `largesymbols' on input line 31.
LaTeX Font Info:    Overwriting symbol font `largesymbols' in version `normal'
(Font)                  OMX/cmex/m/n --> OMX/ztmcm/m/n on input line 31.
LaTeX Font Info:    Overwriting symbol font `largesymbols' in version `bold'
(Font)                  OMX/cmex/m/n --> OMX/ztmcm/m/n on input line 31.
\symbold=\mathgroup4
\symitalic=\mathgroup5
LaTeX Font Info:    Redeclaring math alphabet \mathbf on input line 34.
LaTeX Font Info:    Overwriting math alphabet `\mathbf' in version `normal'
(Font)                  OT1/cmr/bx/n --> OT1/ptm/bx/n on input line 34.
LaTeX Font Info:    Overwriting math alphabet `\mathbf' in version `bold'
(Font)                  OT1/cmr/bx/n --> OT1/ptm/bx/n on input line 34.
LaTeX Font Info:    Redeclaring math alphabet \mathit on input line 35.
LaTeX Font Info:    Overwriting math alphabet `\mathit' in version `normal'
(Font)                  OT1/cmr/m/it --> OT1/ptm/m/it on input line 35.
LaTeX Font Info:    Overwriting math alphabet `\mathit' in version `bold'
(Font)                  OT1/cmr/bx/it --> OT1/ptm/m/it on input line 35.
LaTeX Info: Redefining \hbar on input line 50.
)
(/usr/share/texlive/texmf-dist/tex/latex/l3backend/l3backend-pdfmode.def
File: l3backend-pdfmode.def 2020-03-12 L3 backend support: PDF mode
\l__kernel_color_stack_int=\count171
\l__pdf_internal_box=\box45
)
(./Kündigung_LAJT.aux)
\openout1 = `Kündigung_LAJT.aux'.

LaTeX Font Info:    Checking defaults for OML/cmm/m/it on input line 63.
LaTeX Font Info:    ... okay on input line 63.
LaTeX Font Info:    Checking defaults for OMS/cmsy/m/n on input line 63.
LaTeX Font Info:    ... okay on input line 63.
LaTeX Font Info:    Checking defaults for OT1/cmr/m/n on input line 63.
LaTeX Font Info:    ... okay on input line 63.
LaTeX Font Info:    Checking defaults for T1/cmr/m/n on input line 63.
LaTeX Font Info:    ... okay on input line 63.
LaTeX Font Info:    Checking defaults for TS1/cmr/m/n on input line 63.
LaTeX Font Info:    ... okay on input line 63.
LaTeX Font Info:    Checking defaults for OMX/cmex/m/n on input line 63.
LaTeX Font Info:    ... okay on input line 63.
LaTeX Font Info:    Checking defaults for U/cmr/m/n on input line 63.
LaTeX Font Info:    ... okay on input line 63.
LaTeX Font Info:    Trying to load font information for T1+ptm on input line 63
.

(/usr/share/texlive/texmf-dist/tex/latex/psnfss/t1ptm.fd
File: t1ptm.fd 2001/06/04 font definitions for T1/ptm.
)
Package scrbase Info: activating polish \yourrefname on input line 63.
Package scrbase Info: activating polish \yourmailname on input line 63.
Package scrbase Info: activating polish \myrefname on input line 63.
Package scrbase Info: activating polish \customername on input line 63.
Package scrbase Info: activating polish \invoicename on input line 63.
Package scrbase Info: activating polish \subjectname on input line 63.
Package scrbase Info: activating polish \ccname on input line 63.
Package scrbase Info: activating polish \enclname on input line 63.
Package scrbase Info: activating polish \headtoname on input line 63.
Package scrbase Info: activating polish \headfromname on input line 63.
Package scrbase Info: activating polish \datename on input line 63.
Package scrbase Info: activating polish \pagename on input line 63.
Package scrbase Info: activating polish \phonename on input line 63.
Package scrbase Info: activating polish \mobilephonename on input line 63.
Package scrbase Info: activating polish \faxname on input line 63.
Package scrbase Info: activating polish \emailname on input line 63.
Package scrbase Info: activating polish \wwwname on input line 63.
Package scrbase Info: activating polish \bankname on input line 63.
Class scrlttr2 Info: no date found for language `american'
(scrlttr2)           --> skipped on input line 63.
Class scrlttr2 Info: no date found for language `australian'
(scrlttr2)           --> skipped on input line 63.
Class scrlttr2 Info: no date found for language `british'
(scrlttr2)           --> skipped on input line 63.
Class scrlttr2 Info: no date found for language `canadian'
(scrlttr2)           --> skipped on input line 63.
Class scrlttr2 Info: no date found for language `newzealand'
(scrlttr2)           --> skipped on input line 63.
Class scrlttr2 Info: no date found for language `UKenglish'
(scrlttr2)           --> skipped on input line 63.
Class scrlttr2 Info: no date found for language `ukenglish'
(scrlttr2)           --> skipped on input line 63.
Class scrlttr2 Info: no date found for language `USenglish'
(scrlttr2)           --> skipped on input line 63.
Class scrlttr2 Info: no date found for language `usenglish'
(scrlttr2)           --> skipped on input line 63.
Class scrlttr2 Info: no date found for language `german'
(scrlttr2)           --> skipped on input line 63.
Class scrlttr2 Info: no date found for language `ngerman'
(scrlttr2)           --> skipped on input line 63.
Class scrlttr2 Info: no date found for language `austrian'
(scrlttr2)           --> skipped on input line 63.
Class scrlttr2 Info: no date found for language `naustrian'
(scrlttr2)           --> skipped on input line 63.
Class scrlttr2 Info: no date found for language `swissgerman'
(scrlttr2)           --> skipped on input line 63.
Class scrlttr2 Info: no date found for language `nswissgerman'
(scrlttr2)           --> skipped on input line 63.
Class scrlttr2 Info: no date found for language `acadian'
(scrlttr2)           --> skipped on input line 63.
Class scrlttr2 Info: no date found for language `canadien'
(scrlttr2)           --> skipped on input line 63.
Class scrlttr2 Info: no date found for language `francais'
(scrlttr2)           --> skipped on input line 63.
Class scrlttr2 Info: no date found for language `french'
(scrlttr2)           --> skipped on input line 63.
Class scrlttr2 Info: no date found for language `italian'
(scrlttr2)           --> skipped on input line 63.
Class scrlttr2 Info: no date found for language `spanish'
(scrlttr2)           --> skipped on input line 63.
Class scrlttr2 Info: no date found for language `croatian'
(scrlttr2)           --> skipped on input line 63.
Class scrlttr2 Info: no date found for language `dutch'
(scrlttr2)           --> skipped on input line 63.
Class scrlttr2 Info: no date found for language `finnish'
(scrlttr2)           --> skipped on input line 63.
Class scrlttr2 Info: no date found for language `norsk'
(scrlttr2)           --> skipped on input line 63.
Class scrlttr2 Info: no date found for language `swedish'
(scrlttr2)           --> skipped on input line 63.
Package scrbase Info: activating polish \yourrefname on input line 63.
Package scrbase Info: activating polish \yourmailname on input line 63.
Package scrbase Info: activating polish \myrefname on input line 63.
Package scrbase Info: activating polish \customername on input line 63.
Package scrbase Info: activating polish \invoicename on input line 63.
Package scrbase Info: activating polish \subjectname on input line 63.
Package scrbase Info: activating polish \headfromname on input line 63.
Package scrbase Info: activating polish \datename on input line 63.
Package scrbase Info: activating polish \phonename on input line 63.
Package scrbase Info: activating polish \mobilephonename on input line 63.
Package scrbase Info: activating polish \faxname on input line 63.
Package scrbase Info: activating polish \emailname on input line 63.
Package scrbase Info: activating polish \wwwname on input line 63.
Package scrbase Info: activating polish \bankname on input line 63.
Class scrlttr2 Info: no date found for language `czech'
(scrlttr2)           --> skipped on input line 63.
Class scrlttr2 Info: no date found for language `slovak'
(scrlttr2)           --> skipped on input line 63.
Class scrlttr2 Info: trying to activate captions and date
(scrlttr2)           of language `polish' on input line 63.
Class scrlttr2 Info: used language is `polish'.
(scrlttr2)           Supported languages are: `english', `UKenglish',
(scrlttr2)           `ukenglish', `british', `american', `USenglish',
(scrlttr2)           `usenglish', `australian`,`canadian', `newzealand',
(scrlttr2)           `german', `ngerman', `austrian', `naustrian',
(scrlttr2)           `swissgerman', `nswissgermsn',
(scrlttr2)           `acadian', `canadien', `francais', `french', 
(scrlttr2)           `dutch', `italian', `spanish', `polish',
(scrlttr2)           `croatian', `finnish', `norsk', `swedish',
(scrlttr2)           `czech', `slovak' on input line 63.
\big@size=\dimen139
Class scrlttr2 Info: Letter-Class-Option `DIN' loaded on input line 66.

(/usr/share/texlive/texmf-dist/tex/latex/koma-script/DIN.lco
File: DIN.lco 2020/04/19 v3.30 KOMA-Script letter-class-option
)

Class scrlttr2 Warning: Deprecated usage of \firsthead.
(scrlttr2)              You should use \setkomavar{firsthead}
(scrlttr2)              instead of \firsthead on input line 90.

Foldmarks: yes
Head of first page
Foot of first page
Address (backaddress, addressee)
LaTeX Font Info:    Trying to load font information for OT1+ztmcm on input line
 123.
(/usr/share/texlive/texmf-dist/tex/latex/psnfss/ot1ztmcm.fd
File: ot1ztmcm.fd 2000/01/03 Fontinst v1.801 font definitions for OT1/ztmcm.
)
LaTeX Font Info:    Trying to load font information for OML+ztmcm on input line
 123.

(/usr/share/texlive/texmf-dist/tex/latex/psnfss/omlztmcm.fd
File: omlztmcm.fd 2000/01/03 Fontinst v1.801 font definitions for OML/ztmcm.
)
LaTeX Font Info:    Trying to load font information for OMS+ztmcm on input line
 123.

(/usr/share/texlive/texmf-dist/tex/latex/psnfss/omsztmcm.fd
File: omsztmcm.fd 2000/01/03 Fontinst v1.801 font definitions for OMS/ztmcm.
)
LaTeX Font Info:    Trying to load font information for OMX+ztmcm on input line
 123.

(/usr/share/texlive/texmf-dist/tex/latex/psnfss/omxztmcm.fd
File: omxztmcm.fd 2000/01/03 Fontinst v1.801 font definitions for OMX/ztmcm.
)
LaTeX Font Info:    Trying to load font information for OT1+ptm on input line 1
23.

(/usr/share/texlive/texmf-dist/tex/latex/psnfss/ot1ptm.fd
File: ot1ptm.fd 2001/06/04 font definitions for OT1/ptm.
)
LaTeX Font Info:    Font shape `OT1/ptm/bx/n' in size <10> not available
(Font)              Font shape `OT1/ptm/b/n' tried instead on input line 123.
LaTeX Font Info:    Font shape `OT1/ptm/bx/n' in size <7.4> not available
(Font)              Font shape `OT1/ptm/b/n' tried instead on input line 123.
LaTeX Font Info:    Font shape `OT1/ptm/bx/n' in size <6> not available
(Font)              Font shape `OT1/ptm/b/n' tried instead on input line 123.

Location field: empty
LaTeX Font Info:    Trying to load font information for T1+cmss on input line 1
23.
(/usr/share/texlive/texmf-dist/tex/latex/base/t1cmss.fd
File: t1cmss.fd 2019/12/16 v2.5j Standard LaTeX font definitions
)
Title: no
Subject: before opening
[1



{/usr/share/texlive/texmf-dist/fonts/map/pdftex/updmap/pdftex.map}]
(./Kündigung_LAJT.aux) ) 
Here is how much of TeX's memory you used:
 3018 strings out of 482555
 47537 string characters out of 5952144
 374876 words of memory out of 5000000
 18634 multiletter control sequences out of 15000+600000
 551012 words of font info for 51 fonts, out of 8000000 for 9000
 14 hyphenation exceptions out of 8191
 43i,8n,52p,286b,238s stack positions out of 5000i,500n,10000p,200000b,80000s
{/usr/share/texlive/texmf-dist/fonts/enc/dvips/base/8r
.enc}{/usr/share/texlive/texmf-dist/fonts/enc/dvips/cm-super/cm-super-t1.enc}</
usr/share/texlive/texmf-dist/fonts/type1/public/cm-super/sfss0700.pfb></usr/sha
re/texlive/texmf-dist/fonts/type1/urw/times/utmb8a.pfb></usr/share/texlive/texm
f-dist/fonts/type1/urw/times/utmr8a.pfb>
Output written on Kündigung_LAJT.pdf (1 page, 33585 bytes).
PDF statistics:
 22 PDF objects out of 1000 (max. 8388607)
 15 compressed objects within 1 object stream
 0 named destinations out of 1000 (max. 500000)
 1 words of extra memory for PDF output out of 10000 (max. 10000000)

