This is XeTeX, Version 3.14159265-2.6-0.99992 (TeX Live 2015) (preloaded format=xelatex 2015.7.26)  29 DEC 2015 14:35
entering extended mode
 restricted \write18 enabled.
 %&-line parsing enabled.
**dissertation.tex
(./dissertation.tex
LaTeX2e <2015/01/01> patch level 2
Babel <3.9l> and hyphenation patterns for 37 languages loaded.
(./Dissertate.cls
Document Class: Dissertate 2014/03/25 v2.0 Dissertate Class
(/usr/share/texmf-dist/tex/latex/base/book.cls
Document Class: book 2014/09/29 v1.4h Standard LaTeX document class
(/usr/share/texmf-dist/tex/latex/base/bk12.clo
File: bk12.clo 2014/09/29 v1.4h Standard LaTeX file (size option)
)
\c@part=\count79
\c@chapter=\count80
\c@section=\count81
\c@subsection=\count82
\c@subsubsection=\count83
\c@paragraph=\count84
\c@subparagraph=\count85
\c@figure=\count86
\c@table=\count87
\abovecaptionskip=\skip41
\belowcaptionskip=\skip42
\bibindent=\dimen102
)
(/usr/share/texmf-dist/tex/latex/geometry/geometry.sty
Package: geometry 2010/09/12 v5.6 Page Geometry

(/usr/share/texmf-dist/tex/latex/graphics/keyval.sty
Package: keyval 2014/10/28 v1.15 key=value parser (DPC)
\KV@toks@=\toks14
)
(/usr/share/texmf-dist/tex/generic/oberdiek/ifpdf.sty
Package: ifpdf 2011/01/30 v2.3 Provides the ifpdf switch (HO)
Package ifpdf Info: pdfTeX in PDF mode is not detected.
)
(/usr/share/texmf-dist/tex/generic/oberdiek/ifvtex.sty
Package: ifvtex 2010/03/01 v1.5 Detect VTeX and its facilities (HO)
Package ifvtex Info: VTeX not detected.
)
(/usr/share/texmf-dist/tex/generic/ifxetex/ifxetex.sty
Package: ifxetex 2010/09/12 v0.6 Provides ifxetex conditional
)
\Gm@cnth=\count88
\Gm@cntv=\count89
\c@Gm@tempcnt=\count90
\Gm@bindingoffset=\dimen103
\Gm@wd@mp=\dimen104
\Gm@odd@mp=\dimen105
\Gm@even@mp=\dimen106
\Gm@layoutwidth=\dimen107
\Gm@layoutheight=\dimen108
\Gm@layouthoffset=\dimen109
\Gm@layoutvoffset=\dimen110
\Gm@dimlist=\toks15
)
(/usr/share/texmf-dist/tex/latex/ms/ragged2e.sty
Package: ragged2e 2009/05/21 v2.1 ragged2e Package (MS)

(/usr/share/texmf-dist/tex/latex/ms/everysel.sty
Package: everysel 2011/10/28 v1.2 EverySelectfont Package (MS)
)
\CenteringLeftskip=\skip43
\RaggedLeftLeftskip=\skip44
\RaggedRightLeftskip=\skip45
\CenteringRightskip=\skip46
\RaggedLeftRightskip=\skip47
\RaggedRightRightskip=\skip48
\CenteringParfillskip=\skip49
\RaggedLeftParfillskip=\skip50
\RaggedRightParfillskip=\skip51
\JustifyingParfillskip=\skip52
\CenteringParindent=\skip53
\RaggedLeftParindent=\skip54
\RaggedRightParindent=\skip55
\JustifyingParindent=\skip56
)
(/usr/share/texmf-dist/tex/latex/graphics/graphicx.sty
Package: graphicx 2014/10/28 v1.0g Enhanced LaTeX Graphics (DPC,SPQR)

(/usr/share/texmf-dist/tex/latex/graphics/graphics.sty
Package: graphics 2014/10/28 v1.0p Standard LaTeX Graphics (DPC,SPQR)

(/usr/share/texmf-dist/tex/latex/graphics/trig.sty
Package: trig 1999/03/16 v1.09 sin cos tan (DPC)
)
(/usr/share/texmf-dist/tex/latex/latexconfig/graphics.cfg
File: graphics.cfg 2010/04/23 v1.9 graphics configuration of TeX Live
)
Package graphics Info: Driver file: xetex.def on input line 94.

(/usr/share/texmf-dist/tex/xelatex/xetex-def/xetex.def
File: xetex.def 2015/03/25 v4.04 LaTeX color/graphics driver for XeTeX (TeX Liv
e/RRM/JK)
))
\Gin@req@height=\dimen111
\Gin@req@width=\dimen112
)
(/usr/share/texmf-dist/tex/latex/base/fixltx2e.sty
Package: fixltx2e 2015/06/22 v2.0b fixes to LaTeX (obsolete)


Package fixltx2e Warning: fixltx2e is not required with releases after 2015
(fixltx2e)                All fixes are now in the LaTeX kernel.
(fixltx2e)                See the latexrelease package for details.

) (/usr/share/texmf-dist/tex/latex/lettrine/lettrine.sty
File: lettrine.sty 2015/02/16 v1.8 (Daniel Flipo)
\c@DefaultLines=\count91
\c@DefaultDepth=\count92
\DefaultFindent=\dimen113
\DefaultNindent=\dimen114
\DefaultSlope=\dimen115
\DiscardVskip=\dimen116
\L@lbox=\box26
\L@tbox=\box27
\c@L@lines=\count93
\c@L@depth=\count94
\L@Pindent=\dimen117
\L@Findent=\dimen118
\L@Nindent=\dimen119
\L@lraise=\dimen120
\L@first=\dimen121
\L@next=\dimen122
\L@slope=\dimen123
\L@height=\dimen124
\L@novskip=\dimen125
\LettrineWidth=\dimen126
\LettrineHeight=\dimen127
\LettrineDepth=\dimen128

Loading lettrine.cfg
(/usr/share/texmf-dist/tex/latex/lettrine/lettrine.cfg))
(/usr/share/texmf-dist/tex/latex/setspace/setspace.sty
Package: setspace 2011/12/19 v6.7a set line spacing
)
(/usr/share/texmf-dist/tex/latex/tools/verbatim.sty
Package: verbatim 2014/10/28 v1.5q LaTeX2e package for verbatim enhancements
\every@verbatim=\toks16
\verbatim@line=\toks17
\verbatim@in@stream=\read1
)
(/usr/share/texmf-dist/tex/latex/graphics/color.sty
Package: color 2014/10/28 v1.1a Standard LaTeX Color (DPC)

(/usr/share/texmf-dist/tex/latex/latexconfig/color.cfg
File: color.cfg 2007/01/18 v1.5 color configuration of teTeX/TeXLive
)
Package color Info: Driver file: xetex.def on input line 142.
)
(/usr/share/texmf-dist/tex/latex/hyperref/hyperref.sty
Package: hyperref 2012/11/06 v6.83m Hypertext links for LaTeX

(/usr/share/texmf-dist/tex/generic/oberdiek/hobsub-hyperref.sty
Package: hobsub-hyperref 2012/05/28 v1.13 Bundle oberdiek, subset hyperref (HO)


(/usr/share/texmf-dist/tex/generic/oberdiek/hobsub-generic.sty
Package: hobsub-generic 2012/05/28 v1.13 Bundle oberdiek, subset generic (HO)
Package: hobsub 2012/05/28 v1.13 Construct package bundles (HO)
Package: infwarerr 2010/04/08 v1.3 Providing info/warning/error messages (HO)
Package: ltxcmds 2011/11/09 v1.22 LaTeX kernel commands for general use (HO)
Package: ifluatex 2010/03/01 v1.3 Provides the ifluatex switch (HO)
Package ifluatex Info: LuaTeX not detected.
Package hobsub Info: Skipping package `ifvtex' (already loaded).
Package: intcalc 2007/09/27 v1.1 Expandable calculations with integers (HO)
Package hobsub Info: Skipping package `ifpdf' (already loaded).
Package: etexcmds 2011/02/16 v1.5 Avoid name clashes with e-TeX commands (HO)
Package etexcmds Info: Could not find \expanded.
(etexcmds)             That can mean that you are not using pdfTeX 1.50 or
(etexcmds)             that some package has redefined \expanded.
(etexcmds)             In the latter case, load this package earlier.
Package: kvsetkeys 2012/04/25 v1.16 Key value parser (HO)
Package: kvdefinekeys 2011/04/07 v1.3 Define keys (HO)
Package: pdftexcmds 2011/11/29 v0.20 Utility functions of pdfTeX for LuaTeX (HO
)
Package pdftexcmds Info: LuaTeX not detected.
Package pdftexcmds Info: pdfTeX >= 1.30 not detected.
Package pdftexcmds Info: \pdf@primitive is available.
Package pdftexcmds Info: \pdf@ifprimitive is available.
Package pdftexcmds Info: \pdfdraftmode not found.
Package: pdfescape 2011/11/25 v1.13 Implements pdfTeX's escape features (HO)
Package: bigintcalc 2012/04/08 v1.3 Expandable calculations on big integers (HO
)
Package: bitset 2011/01/30 v1.1 Handle bit-vector datatype (HO)
Package: uniquecounter 2011/01/30 v1.2 Provide unlimited unique counter (HO)
)
Package hobsub Info: Skipping package `hobsub' (already loaded).
Package: letltxmacro 2010/09/02 v1.4 Let assignment for LaTeX macros (HO)
Package: hopatch 2012/05/28 v1.2 Wrapper for package hooks (HO)
Package: xcolor-patch 2011/01/30 xcolor patch
Package: atveryend 2011/06/30 v1.8 Hooks at the very end of document (HO)
Package atveryend Info: \enddocument detected (standard20110627).
Package: atbegshi 2011/10/05 v1.16 At begin shipout hook (HO)
Package: refcount 2011/10/16 v3.4 Data extraction from label references (HO)
Package: hycolor 2011/01/30 v1.7 Color options for hyperref/bookmark (HO)
)
(/usr/share/texmf-dist/tex/latex/oberdiek/auxhook.sty
Package: auxhook 2011/03/04 v1.3 Hooks for auxiliary files (HO)
)
(/usr/share/texmf-dist/tex/latex/oberdiek/kvoptions.sty
Package: kvoptions 2011/06/30 v3.11 Key value format for package options (HO)
)
\@linkdim=\dimen129
\Hy@linkcounter=\count95
\Hy@pagecounter=\count96

(/usr/share/texmf-dist/tex/latex/hyperref/pd1enc.def
File: pd1enc.def 2012/11/06 v6.83m Hyperref: PDFDocEncoding definition (HO)
)
\Hy@SavedSpaceFactor=\count97

(/usr/share/texmf-dist/tex/latex/latexconfig/hyperref.cfg
File: hyperref.cfg 2002/06/06 v1.2 hyperref configuration of TeXLive
)
Package hyperref Info: Hyper figures OFF on input line 4443.
Package hyperref Info: Link nesting OFF on input line 4448.
Package hyperref Info: Hyper index ON on input line 4451.
Package hyperref Info: Plain pages OFF on input line 4458.
Package hyperref Info: Backreferencing OFF on input line 4463.
Package hyperref Info: Implicit mode ON; LaTeX internals redefined.
Package hyperref Info: Bookmarks ON on input line 4688.
\c@Hy@tempcnt=\count98

(/usr/share/texmf-dist/tex/latex/url/url.sty
\Urlmuskip=\muskip10
Package: url 2013/09/16  ver 3.4  Verb mode for urls, etc.
)
LaTeX Info: Redefining \url on input line 5041.
\XeTeXLinkMargin=\dimen130
\Fld@menulength=\count99
\Field@Width=\dimen131
\Fld@charsize=\dimen132
Package hyperref Info: Hyper figures OFF on input line 6295.
Package hyperref Info: Link nesting OFF on input line 6300.
Package hyperref Info: Hyper index ON on input line 6303.
Package hyperref Info: backreferencing OFF on input line 6310.
Package hyperref Info: Link coloring OFF on input line 6315.
Package hyperref Info: Link coloring with OCG OFF on input line 6320.
Package hyperref Info: PDF/A mode OFF on input line 6325.
LaTeX Info: Redefining \ref on input line 6365.
LaTeX Info: Redefining \pageref on input line 6369.
\Hy@abspage=\count100
\c@Item=\count101
\c@Hfootnote=\count102
)

Package hyperref Message: Driver (autodetected): hxetex.

(/usr/share/texmf-dist/tex/latex/hyperref/hxetex.def
File: hxetex.def 2012/11/06 v6.83m Hyperref driver for XeTeX

(/usr/share/texmf-dist/tex/latex/hyperref/puenc.def
File: puenc.def 2012/11/06 v6.83m Hyperref: PDF Unicode definition (HO)
)
(/usr/share/texmf-dist/tex/generic/oberdiek/stringenc.sty
Package: stringenc 2011/12/02 v1.10 Convert strings between diff. encodings (HO
)
)
\pdfm@box=\box28
\c@Hy@AnnotLevel=\count103
\HyField@AnnotCount=\count104
\Fld@listcount=\count105
\c@bookmark@seq@number=\count106

(/usr/share/texmf-dist/tex/latex/oberdiek/rerunfilecheck.sty
Package: rerunfilecheck 2011/04/15 v1.7 Rerun checks for auxiliary files (HO)
Package rerunfilecheck Info: Feature \pdfmdfivesum is not available
(rerunfilecheck)             (e.g. pdfTeX or LuaTeX with package `pdftexcmds').

(rerunfilecheck)             Therefore file contents cannot be checked efficien
tly
(rerunfilecheck)             and the loading of the package is aborted.
)
\Hy@SectionHShift=\skip57
)
(/usr/share/texmf-dist/tex/latex/amsfonts/amssymb.sty
Package: amssymb 2013/01/14 v3.01 AMS font symbols

(/usr/share/texmf-dist/tex/latex/amsfonts/amsfonts.sty
Package: amsfonts 2013/01/14 v3.01 Basic AMSFonts support
\@emptytoks=\toks18
\symAMSa=\mathgroup4
\symAMSb=\mathgroup5
LaTeX Font Info:    Overwriting math alphabet `\mathfrak' in version `bold'
(Font)                  U/euf/m/n --> U/euf/b/n on input line 106.
))
(/usr/share/texmf-dist/tex/xelatex/mathspec/mathspec.sty
Package: mathspec 2009/09/30 v0.2 LaTeX Package (Mathematics font selection for
 XeLaTeX)

(/usr/share/texmf-dist/tex/latex/etoolbox/etoolbox.sty
Package: etoolbox 2015/05/04 v2.2 e-TeX tools for LaTeX (JAW)
\etb@tempcnta=\count107
)
(/usr/share/texmf-dist/tex/latex/amsmath/amstext.sty
Package: amstext 2000/06/29 v2.01

(/usr/share/texmf-dist/tex/latex/amsmath/amsgen.sty
File: amsgen.sty 1999/11/30 v2.0
\@emptytoks=\toks19
\ex@=\dimen133
))
(/usr/share/texmf-dist/tex/latex/fontspec/fontspec.sty
Package: fontspec 2015/03/14 v2.4c Font selection for XeLaTeX and LuaLaTeX

(/usr/share/texmf-dist/tex/latex/l3kernel/expl3.sty
Package: expl3 2015/06/15 v5630 L3 programming layer (loader) 

(/usr/share/texmf-dist/tex/latex/l3kernel/expl3-code.tex
Package: expl3 2015/06/15 v5630 L3 programming layer (code) 
L3 Module: l3bootstrap 2015/05/20 v5608 L3 Bootstrap code
L3 Module: l3names 2015/02/24 v5535 L3 Namespace for primitives
L3 Module: l3basics 2015/01/27 v5500 L3 Basic definitions
L3 Module: l3expan 2014/11/27 v5472 L3 Argument expansion
L3 Module: l3tl 2015/01/27 v5500 L3 Token lists
L3 Module: l3str 2015/03/01 v5545 L3 Strings
L3 Module: l3seq 2014/08/23 v5354 L3 Sequences and stacks
L3 Module: l3int 2015/02/21 v5529 L3 Integers
\c_max_int=\count108
\l_tmpa_int=\count109
\l_tmpb_int=\count110
\g_tmpa_int=\count111
\g_tmpb_int=\count112
L3 Module: l3quark 2014/08/23 v5354 L3 Quarks
L3 Module: l3prg 2015/04/13 v5566 L3 Control structures
\g__prg_map_int=\count113
L3 Module: l3clist 2014/08/23 v5354 L3 Comma separated lists
L3 Module: l3token 2014/09/15 v5422 L3 Experimental token manipulation
L3 Module: l3prop 2014/08/23 v5354 L3 Property lists
L3 Module: l3msg 2015/02/26 v5537 L3 Messages
L3 Module: l3file 2015/06/07 v5627 L3 File and I/O operations
\l_iow_line_count_int=\count114
\l__iow_target_count_int=\count115
\l__iow_current_line_int=\count116
\l__iow_current_word_int=\count117
\l__iow_current_indentation_int=\count118
L3 Module: l3skip 2015/05/18 v5607 L3 Dimensions and skips
\c_zero_dim=\dimen134
\c_max_dim=\dimen135
\l_tmpa_dim=\dimen136
\l_tmpb_dim=\dimen137
\g_tmpa_dim=\dimen138
\g_tmpb_dim=\dimen139
\c_zero_skip=\skip58
\c_max_skip=\skip59
\l_tmpa_skip=\skip60
\l_tmpb_skip=\skip61
\g_tmpa_skip=\skip62
\g_tmpb_skip=\skip63
\c_zero_muskip=\muskip11
\c_max_muskip=\muskip12
\l_tmpa_muskip=\muskip13
\l_tmpb_muskip=\muskip14
\g_tmpa_muskip=\muskip15
\g_tmpb_muskip=\muskip16
L3 Module: l3keys 2015/06/14 v5629 L3 Key-value interfaces
\g__keyval_level_int=\count119
\l_keys_choice_int=\count120
L3 Module: l3fp 2014/08/22 v5336 L3 Floating points
\c__fp_leading_shift_int=\count121
\c__fp_middle_shift_int=\count122
\c__fp_trailing_shift_int=\count123
\c__fp_big_leading_shift_int=\count124
\c__fp_big_middle_shift_int=\count125
\c__fp_big_trailing_shift_int=\count126
\c__fp_Bigg_leading_shift_int=\count127
\c__fp_Bigg_middle_shift_int=\count128
\c__fp_Bigg_trailing_shift_int=\count129
L3 Module: l3box 2014/08/23 v5354 L3 Experimental boxes
\c_empty_box=\box29
\l_tmpa_box=\box30
\l_tmpb_box=\box31
\g_tmpa_box=\box32
\g_tmpb_box=\box33
L3 Module: l3coffins 2014/08/23 v5354 L3 Coffin code layer
\l__coffin_internal_box=\box34
\l__coffin_internal_dim=\dimen140
\l__coffin_offset_x_dim=\dimen141
\l__coffin_offset_y_dim=\dimen142
\l__coffin_x_dim=\dimen143
\l__coffin_y_dim=\dimen144
\l__coffin_x_prime_dim=\dimen145
\l__coffin_y_prime_dim=\dimen146
\c_empty_coffin=\box35
\l__coffin_aligned_coffin=\box36
\l__coffin_aligned_internal_coffin=\box37
\l_tmpa_coffin=\box38
\l_tmpb_coffin=\box39
\l__coffin_display_coffin=\box40
\l__coffin_display_coord_coffin=\box41
\l__coffin_display_pole_coffin=\box42
\l__coffin_display_offset_dim=\dimen147
\l__coffin_display_x_dim=\dimen148
\l__coffin_display_y_dim=\dimen149
L3 Module: l3color 2014/08/23 v5354 L3 Experimental color support
L3 Module: l3candidates 2015/05/21 v5613 L3 Experimental additions to l3kernel
\l__box_top_dim=\dimen150
\l__box_bottom_dim=\dimen151
\l__box_left_dim=\dimen152
\l__box_right_dim=\dimen153
\l__box_top_new_dim=\dimen154
\l__box_bottom_new_dim=\dimen155
\l__box_left_new_dim=\dimen156
\l__box_right_new_dim=\dimen157
\l__box_internal_box=\box43
\l__coffin_bounding_shift_dim=\dimen158
\l__coffin_left_corner_dim=\dimen159
\l__coffin_right_corner_dim=\dimen160
\l__coffin_bottom_corner_dim=\dimen161
\l__coffin_top_corner_dim=\dimen162
\l__coffin_scaled_total_height_dim=\dimen163
\l__coffin_scaled_width_dim=\dimen164
)
(/usr/share/texmf-dist/tex/latex/l3kernel/l3unicode-data.def
File: l3unicode-data.def 2015/03/01 v5544 L3 Unicode data
)
(/usr/share/texmf-dist/tex/latex/l3kernel/l3xdvipdfmx.def
File: l3xdvidpfmx.def 2015/05/21 v5613 L3 Experimental driver: xdvipdfmx
))
(/usr/share/texmf-dist/tex/latex/l3packages/xparse/xparse.sty
Package: xparse 2015/06/15 v5630 L3 Experimental document command parser
\l__xparse_current_arg_int=\count130
\l__xparse_m_args_int=\count131
\l__xparse_mandatory_args_int=\count132
\l__xparse_processor_int=\count133
\l__xparse_v_nesting_int=\count134
)
\l_fontspec_script_int=\count135
\l_fontspec_language_int=\count136
\l_fontspec_strnum_int=\count137
\l__fontspec_tmpa_dim=\dimen165
\l__fontspec_tmpb_dim=\dimen166
\l__fontspec_tmpc_dim=\dimen167
Variant \tl_gset:cV already defined; not changing it on line 71

(/usr/share/texmf-dist/tex/latex/fontspec/fontspec-patches.sty
Package: fontspec-patches 2015/03/14 v2.4c Font selection for XeLaTeX and LuaLa
TeX
LaTeX Info: Redefining \em on input line 49.
LaTeX Info: Redefining \emph on input line 57.
LaTeX Info: Redefining \- on input line 60.
.................................................
. LaTeX info: "xparse/redefine-command"
. 
. Redefining command \oldstylenums with sig. 'm' on line 155.
.................................................
.................................................
. LaTeX info: "xparse/define-command"
. 
. Defining command \liningnums with sig. 'm' on line 159.
.................................................
)
(/usr/share/texmf-dist/tex/latex/fontspec/fontspec-xetex.sty
Package: fontspec-xetex 2015/03/14 v2.4c Font selection for XeLaTeX and LuaLaTe
X

(/usr/share/texmf-dist/tex/latex/base/fontenc.sty
Package: fontenc 2005/09/27 v1.99g Standard LaTeX package

(/usr/share/texmf-dist/tex/latex/euenc/eu1enc.def
File: eu1enc.def 2010/05/27 v0.1h Experimental Unicode font encodings
)
LaTeX Font Info:    Try loading font information for EU1+lmr on input line 105.


(/usr/share/texmf-dist/tex/latex/euenc/eu1lmr.fd
File: eu1lmr.fd 2009/10/30 v1.6 Font defs for Latin Modern
))
(/usr/share/texmf-dist/tex/xelatex/xunicode/xunicode.sty
File: xunicode.sty 2011/09/09 v0.981 provides access to latin accents and many 
other characters in Unicode lower plane

(/usr/share/texmf-dist/tex/latex/tipa/t3enc.def
File: t3enc.def 2001/12/31 T3 encoding
LaTeX Font Info:    Try loading font information for EU1+lmss on input line 357
.

(/usr/share/texmf-dist/tex/latex/euenc/eu1lmss.fd
File: eu1lmss.fd 2009/10/30 v1.6 Font defs for Latin Modern
))
\tipaTiiicode=\count138
\tipasavetokens=\toks20
\tipachecktokens=\toks21
)
.................................................
. LaTeX info: "xparse/define-command"
. 
. Defining command \__fontspec_post_arg:w with sig. 'mmO{}' on line 42.
.................................................
.................................................
. LaTeX info: "xparse/define-command"
. 
. Defining command \fontspec with sig. 'om' on line 44.
.................................................
.................................................
. LaTeX info: "xparse/define-command"
. 
. Defining command \setmainfont with sig. 'om' on line 54.
.................................................
.................................................
. LaTeX info: "xparse/define-command"
. 
. Defining command \setsansfont with sig. 'om' on line 64.
.................................................
.................................................
. LaTeX info: "xparse/define-command"
. 
. Defining command \setmonofont with sig. 'om' on line 74.
.................................................
.................................................
. LaTeX info: "xparse/define-command"
. 
. Defining command \setmathrm with sig. 'om' on line 88.
.................................................
.................................................
. LaTeX info: "xparse/define-command"
. 
. Defining command \setboldmathrm with sig. 'om' on line 96.
.................................................
.................................................
. LaTeX info: "xparse/define-command"
. 
. Defining command \setmathsf with sig. 'om' on line 104.
.................................................
.................................................
. LaTeX info: "xparse/define-command"
. 
. Defining command \setmathtt with sig. 'om' on line 112.
.................................................
.................................................
. LaTeX info: "xparse/define-command"
. 
. Defining command \newfontfamily with sig. 'mom' on line 126.
.................................................
.................................................
. LaTeX info: "xparse/define-command"
. 
. Defining command \newfontface with sig. 'mom' on line 141.
.................................................
.................................................
. LaTeX info: "xparse/define-command"
. 
. Defining command \defaultfontfeatures with sig. 't+om' on line 155.
.................................................
.................................................
. LaTeX info: "xparse/define-command"
. 
. Defining command \addfontfeatures with sig. 'm' on line 210.
.................................................
.................................................
. LaTeX info: "xparse/define-command"
. 
. Defining command \newfontfeature with sig. 'mm' on line 221.
.................................................
.................................................
. LaTeX info: "xparse/define-command"
. 
. Defining command \newAATfeature with sig. 'mmmm' on line 229.
.................................................
.................................................
. LaTeX info: "xparse/define-command"
. 
. Defining command \newopentypefeature with sig. 'mmm' on line 237.
.................................................
.................................................
. LaTeX info: "xparse/define-command"
. 
. Defining command \aliasfontfeature with sig. 'mm' on line 261.
.................................................
.................................................
. LaTeX info: "xparse/define-command"
. 
. Defining command \aliasfontfeatureoption with sig. 'mmm' on line 270.
.................................................
.................................................
. LaTeX info: "xparse/define-command"
. 
. Defining command \newfontscript with sig. 'mm' on line 275.
.................................................
.................................................
. LaTeX info: "xparse/define-command"
. 
. Defining command \newfontlanguage with sig. 'mm' on line 301.
.................................................
.................................................
. LaTeX info: "xparse/define-command"
. 
. Defining command \DeclareFontsExtensions with sig. 'm' on line 321.
.................................................
Variant \prop_gput:cnV already defined; not changing it on line 704
Variant \prop_gput:cnx already defined; not changing it on line 705
\l__fontspec_tmp_int=\count139
LaTeX Info: Redefining \itshape on input line 2232.
LaTeX Info: Redefining \slshape on input line 2237.
LaTeX Info: Redefining \scshape on input line 2242.
LaTeX Info: Redefining \upshape on input line 2247.

(/usr/share/texmf-dist/tex/latex/fontspec/fontspec.cfg)))
(/usr/share/texmf-dist/tex/latex/xkeyval/xkeyval.sty
Package: xkeyval 2014/12/03 v2.7a package option processing (HA)

(/usr/share/texmf-dist/tex/generic/xkeyval/xkeyval.tex
(/usr/share/texmf-dist/tex/generic/xkeyval/xkvutils.tex
\XKV@toks=\toks22
\XKV@tempa@toks=\toks23
)
\XKV@depth=\count140
File: xkeyval.tex 2014/12/03 v2.7a key=value parser (HA)
))
\c@eu@=\count141
\c@eu@i=\count142
\c@mkern=\count143
)
\g__file_internal_ior=\read2


!!!!!!!!!!!!!!!!!!!!!!!!!!!!!!!!!!!!!!!!!!!!!!!!
!
! fontspec error: "font-not-found"
! 
! The font "lmodern" cannot be found.
! 
! See the fontspec documentation for further information.
! 
! For immediate help type H <return>.
!...............................................  
                                                  
l.33 ...in,Greek)[Numbers={Proportional}]{lmodern}
                                                  
|'''''''''''''''''''''''''''''''''''''''''''''''
| A font might not be found for many reasons.
| Check the spelling, where the font is installed etc. etc.
| 
| When in doubt, ask someone for help!
|...............................................

.................................................
. fontspec info: "no-scripts"
. 
. Font lmodern does not contain any OpenType `Script' information.
.................................................
\g__fontspec_family_lmodern_int=\count144
.................................................
. fontspec info: "no-font-shape"
. 
. Could not resolve font lmodern/BI (it probably doesn't exist).
.................................................
.................................................
. fontspec info: "no-font-shape"
. 
. Could not resolve font lmodern/B (it probably doesn't exist).
.................................................
.................................................
. fontspec info: "no-font-shape"
. 
. Could not resolve font lmodern/I (it probably doesn't exist).
.................................................

!!!!!!!!!!!!!!!!!!!!!!!!!!!!!!!!!!!!!!!!!!!!!!!!
!
! fontspec error: "font-not-found"
! 
! The font "lmodern" cannot be found.
! 
! See the fontspec documentation for further information.
! 
! For immediate help type H <return>.
!...............................................  
                                                  
l.33 ...in,Greek)[Numbers={Proportional}]{lmodern}
                                                  
|'''''''''''''''''''''''''''''''''''''''''''''''
| A font might not be found for many reasons.
| Check the spelling, where the font is installed etc. etc.
| 
| When in doubt, ask someone for help!
|...............................................


!!!!!!!!!!!!!!!!!!!!!!!!!!!!!!!!!!!!!!!!!!!!!!!!
!
! fontspec error: "font-not-found"
! 
! The font "lmodern" cannot be found.
! 
! See the fontspec documentation for further information.
! 
! For immediate help type H <return>.
!...............................................  
                                                  
l.33 ...in,Greek)[Numbers={Proportional}]{lmodern}
                                                  
|'''''''''''''''''''''''''''''''''''''''''''''''
| A font might not be found for many reasons.
| Check the spelling, where the font is installed etc. etc.
| 
| When in doubt, ask someone for help!
|...............................................

.................................................
. fontspec info: "defining-font"
. 
. Font family 'lmodern(0)' created for font 'lmodern' with options
. [Numbers={Proportional}].
. 
. This font family consists of the following shapes:
. 
. * 'normal' with NFSS spec.:
. <->"lmodern:"
. 
. * 'small caps' with NFSS spec.:
. <->"lmodern:"
. and font adjustment code:
. 
.................................................
\symDigits:m:n=\mathgroup6
! Font EU1/lmodern(0)/m/n/10=lmodern: at 10.0pt not loadable: Metric (TFM) file
 or installed font not found.
<to be read again> 
                   relax 
l.33 ...in,Greek)[Numbers={Proportional}]{lmodern}
                                                  
I wasn't able to read the size data for this font,
so I will ignore the font specification.
[Wizards can fix TFM files using TFtoPL/PLtoTF.]
You might try inserting a different font spec;
e.g., type `I\font<same font id>=<substitute font name>'.


!!!!!!!!!!!!!!!!!!!!!!!!!!!!!!!!!!!!!!!!!!!!!!!!
!
! fontspec error: "font-not-found"
! 
! The font "lmodern" cannot be found.
! 
! See the fontspec documentation for further information.
! 
! For immediate help type H <return>.
!...............................................  
                                                  
l.33 ...in,Greek)[Numbers={Proportional}]{lmodern}
                                                  
|'''''''''''''''''''''''''''''''''''''''''''''''
| A font might not be found for many reasons.
| Check the spelling, where the font is installed etc. etc.
| 
| When in doubt, ask someone for help!
|...............................................

.................................................
. fontspec info: "no-scripts"
. 
. Font lmodern does not contain any OpenType `Script' information.
.................................................
\symLatin:m:n=\mathgroup7
\symLatin:m:it=\mathgroup8

!!!!!!!!!!!!!!!!!!!!!!!!!!!!!!!!!!!!!!!!!!!!!!!!
!
! fontspec error: "font-not-found"
! 
! The font "lmodern" cannot be found.
! 
! See the fontspec documentation for further information.
! 
! For immediate help type H <return>.
!...............................................  
                                                  
l.33 ...in,Greek)[Numbers={Proportional}]{lmodern}
                                                  
|'''''''''''''''''''''''''''''''''''''''''''''''
| A font might not be found for many reasons.
| Check the spelling, where the font is installed etc. etc.
| 
| When in doubt, ask someone for help!
|...............................................

.................................................
. fontspec info: "no-scripts"
. 
. Font lmodern does not contain any OpenType `Script' information.
.................................................
\symGreek:m:n=\mathgroup9
\symGreek:m:it=\mathgroup10
! Cannot use \XeTeXcharglyph with nullfont; not a native platform font.
\\XeTeXDeclareMathSymbol@option ...XeTeXcharglyph 
                                                  \XeTeXDeclareMathSymbol@sl...
l.33 ...in,Greek)[Numbers={Proportional}]{lmodern}
                                                  

! Missing = inserted for \ifnum.
<to be read again> 
                   `
l.33 ...in,Greek)[Numbers={Proportional}]{lmodern}
                                                  
I was expecting to see `<', `=', or `>'. Didn't.

! Cannot use \XeTeXcharglyph with nullfont; not a native platform font.
\\XeTeXDeclareMathSymbol@option ...XeTeXcharglyph 
                                                  \XeTeXDeclareMathSymbol@sl...
l.33 ...in,Greek)[Numbers={Proportional}]{lmodern}
                                                  

! Missing = inserted for \ifnum.
<to be read again> 
                   `
l.33 ...in,Greek)[Numbers={Proportional}]{lmodern}
                                                  
I was expecting to see `<', `=', or `>'. Didn't.

! Cannot use \XeTeXcharglyph with nullfont; not a native platform font.
\\XeTeXDeclareMathSymbol@option ...XeTeXcharglyph 
                                                  \XeTeXDeclareMathSymbol@sl...
l.33 ...in,Greek)[Numbers={Proportional}]{lmodern}
                                                  

! Missing = inserted for \ifnum.
<to be read again> 
                   `
l.33 ...in,Greek)[Numbers={Proportional}]{lmodern}
                                                  
I was expecting to see `<', `=', or `>'. Didn't.

! Cannot use \XeTeXcharglyph with nullfont; not a native platform font.
\\XeTeXDeclareMathSymbol@option ...XeTeXcharglyph 
                                                  \XeTeXDeclareMathSymbol@sl...
l.33 ...in,Greek)[Numbers={Proportional}]{lmodern}
                                                  

! Missing = inserted for \ifnum.
<to be read again> 
                   `
l.33 ...in,Greek)[Numbers={Proportional}]{lmodern}
                                                  
I was expecting to see `<', `=', or `>'. Didn't.

! Cannot use \XeTeXcharglyph with nullfont; not a native platform font.
\\XeTeXDeclareMathSymbol@option ...XeTeXcharglyph 
                                                  \XeTeXDeclareMathSymbol@sl...
l.33 ...in,Greek)[Numbers={Proportional}]{lmodern}
                                                  

! Missing = inserted for \ifnum.
<to be read again> 
                   `
l.33 ...in,Greek)[Numbers={Proportional}]{lmodern}
                                                  
I was expecting to see `<', `=', or `>'. Didn't.

! Cannot use \XeTeXcharglyph with nullfont; not a native platform font.
\\XeTeXDeclareMathSymbol@option ...XeTeXcharglyph 
                                                  \XeTeXDeclareMathSymbol@sl...
l.33 ...in,Greek)[Numbers={Proportional}]{lmodern}
                                                  

! Missing = inserted for \ifnum.
<to be read again> 
                   `
l.33 ...in,Greek)[Numbers={Proportional}]{lmodern}
                                                  
I was expecting to see `<', `=', or `>'. Didn't.

! Cannot use \XeTeXcharglyph with nullfont; not a native platform font.
\\XeTeXDeclareMathSymbol@option ...XeTeXcharglyph 
                                                  \XeTeXDeclareMathSymbol@sl...
l.33 ...in,Greek)[Numbers={Proportional}]{lmodern}
                                                  

! Missing = inserted for \ifnum.
<to be read again> 
                   `
l.33 ...in,Greek)[Numbers={Proportional}]{lmodern}
                                                  
I was expecting to see `<', `=', or `>'. Didn't.

! Cannot use \XeTeXcharglyph with nullfont; not a native platform font.
\\XeTeXDeclareMathSymbol@option ...XeTeXcharglyph 
                                                  \XeTeXDeclareMathSymbol@sl...
l.33 ...in,Greek)[Numbers={Proportional}]{lmodern}
                                                  

! Missing = inserted for \ifnum.
<to be read again> 
                   `
l.33 ...in,Greek)[Numbers={Proportional}]{lmodern}
                                                  
I was expecting to see `<', `=', or `>'. Didn't.

! Cannot use \XeTeXcharglyph with nullfont; not a native platform font.
\\XeTeXDeclareMathSymbol@option ...XeTeXcharglyph 
                                                  \XeTeXDeclareMathSymbol@sl...
l.33 ...in,Greek)[Numbers={Proportional}]{lmodern}
                                                  

! Missing = inserted for \ifnum.
<to be read again> 
                   `
l.33 ...in,Greek)[Numbers={Proportional}]{lmodern}
                                                  
I was expecting to see `<', `=', or `>'. Didn't.

! Cannot use \XeTeXcharglyph with nullfont; not a native platform font.
\\XeTeXDeclareMathSymbol@option ...XeTeXcharglyph 
                                                  \XeTeXDeclareMathSymbol@sl...
l.33 ...in,Greek)[Numbers={Proportional}]{lmodern}
                                                  

! Missing = inserted for \ifnum.
<to be read again> 
                   `
l.33 ...in,Greek)[Numbers={Proportional}]{lmodern}
                                                  
I was expecting to see `<', `=', or `>'. Didn't.

! Cannot use \XeTeXcharglyph with nullfont; not a native platform font.
\\XeTeXDeclareMathSymbol@option ...XeTeXcharglyph 
                                                  \XeTeXDeclareMathSymbol@sl...
l.33 ...in,Greek)[Numbers={Proportional}]{lmodern}
                                                  

! Missing = inserted for \ifnum.
<to be read again> 
                   `
l.33 ...in,Greek)[Numbers={Proportional}]{lmodern}
                                                  
I was expecting to see `<', `=', or `>'. Didn't.

! Cannot use \XeTeXcharglyph with nullfont; not a native platform font.
\\XeTeXDeclareMathSymbol@option ...XeTeXcharglyph 
                                                  \XeTeXDeclareMathSymbol@sl...
l.33 ...in,Greek)[Numbers={Proportional}]{lmodern}
                                                  

! Missing = inserted for \ifnum.
<to be read again> 
                   `
l.33 ...in,Greek)[Numbers={Proportional}]{lmodern}
                                                  
I was expecting to see `<', `=', or `>'. Didn't.

! Cannot use \XeTeXcharglyph with nullfont; not a native platform font.
\\XeTeXDeclareMathSymbol@option ...XeTeXcharglyph 
                                                  \XeTeXDeclareMathSymbol@sl...
l.33 ...in,Greek)[Numbers={Proportional}]{lmodern}
                                                  

! Missing = inserted for \ifnum.
<to be read again> 
                   `
l.33 ...in,Greek)[Numbers={Proportional}]{lmodern}
                                                  
I was expecting to see `<', `=', or `>'. Didn't.

! Cannot use \XeTeXcharglyph with nullfont; not a native platform font.
\\XeTeXDeclareMathSymbol@option ...XeTeXcharglyph 
                                                  \XeTeXDeclareMathSymbol@sl...
l.33 ...in,Greek)[Numbers={Proportional}]{lmodern}
                                                  

! Missing = inserted for \ifnum.
<to be read again> 
                   `
l.33 ...in,Greek)[Numbers={Proportional}]{lmodern}
                                                  
I was expecting to see `<', `=', or `>'. Didn't.

! Cannot use \XeTeXcharglyph with nullfont; not a native platform font.
\\XeTeXDeclareMathSymbol@option ...XeTeXcharglyph 
                                                  \XeTeXDeclareMathSymbol@sl...
l.33 ...in,Greek)[Numbers={Proportional}]{lmodern}
                                                  

! Missing = inserted for \ifnum.
<to be read again> 
                   `
l.33 ...in,Greek)[Numbers={Proportional}]{lmodern}
                                                  
I was expecting to see `<', `=', or `>'. Didn't.

! Cannot use \XeTeXcharglyph with nullfont; not a native platform font.
\\XeTeXDeclareMathSymbol@option ...XeTeXcharglyph 
                                                  \XeTeXDeclareMathSymbol@sl...
l.33 ...in,Greek)[Numbers={Proportional}]{lmodern}
                                                  

! Missing = inserted for \ifnum.
<to be read again> 
                   `
l.33 ...in,Greek)[Numbers={Proportional}]{lmodern}
                                                  
I was expecting to see `<', `=', or `>'. Didn't.

! Cannot use \XeTeXcharglyph with nullfont; not a native platform font.
\\XeTeXDeclareMathSymbol@option ...XeTeXcharglyph 
                                                  \XeTeXDeclareMathSymbol@sl...
l.33 ...in,Greek)[Numbers={Proportional}]{lmodern}
                                                  

! Missing = inserted for \ifnum.
<to be read again> 
                   `
l.33 ...in,Greek)[Numbers={Proportional}]{lmodern}
                                                  
I was expecting to see `<', `=', or `>'. Didn't.

! Cannot use \XeTeXcharglyph with nullfont; not a native platform font.
\\XeTeXDeclareMathSymbol@option ...XeTeXcharglyph 
                                                  \XeTeXDeclareMathSymbol@sl...
l.33 ...in,Greek)[Numbers={Proportional}]{lmodern}
                                                  

! Missing = inserted for \ifnum.
<to be read again> 
                   `
l.33 ...in,Greek)[Numbers={Proportional}]{lmodern}
                                                  
I was expecting to see `<', `=', or `>'. Didn't.

! Cannot use \XeTeXcharglyph with nullfont; not a native platform font.
\\XeTeXDeclareMathSymbol@option ...XeTeXcharglyph 
                                                  \XeTeXDeclareMathSymbol@sl...
l.33 ...in,Greek)[Numbers={Proportional}]{lmodern}
                                                  

! Missing = inserted for \ifnum.
<to be read again> 
                   `
l.33 ...in,Greek)[Numbers={Proportional}]{lmodern}
                                                  
I was expecting to see `<', `=', or `>'. Didn't.

! Cannot use \XeTeXcharglyph with nullfont; not a native platform font.
\\XeTeXDeclareMathSymbol@option ...XeTeXcharglyph 
                                                  \XeTeXDeclareMathSymbol@sl...
l.33 ...in,Greek)[Numbers={Proportional}]{lmodern}
                                                  

! Missing = inserted for \ifnum.
<to be read again> 
                   `
l.33 ...in,Greek)[Numbers={Proportional}]{lmodern}
                                                  
I was expecting to see `<', `=', or `>'. Didn't.

! Cannot use \XeTeXcharglyph with nullfont; not a native platform font.
\\XeTeXDeclareMathSymbol@option ...XeTeXcharglyph 
                                                  \XeTeXDeclareMathSymbol@sl...
l.33 ...in,Greek)[Numbers={Proportional}]{lmodern}
                                                  

! Missing = inserted for \ifnum.
<to be read again> 
                   `
l.33 ...in,Greek)[Numbers={Proportional}]{lmodern}
                                                  
I was expecting to see `<', `=', or `>'. Didn't.

! Cannot use \XeTeXcharglyph with nullfont; not a native platform font.
\\XeTeXDeclareMathSymbol@option ...XeTeXcharglyph 
                                                  \XeTeXDeclareMathSymbol@sl...
l.33 ...in,Greek)[Numbers={Proportional}]{lmodern}
                                                  

! Missing = inserted for \ifnum.
<to be read again> 
                   `
l.33 ...in,Greek)[Numbers={Proportional}]{lmodern}
                                                  
I was expecting to see `<', `=', or `>'. Didn't.

! Cannot use \XeTeXcharglyph with nullfont; not a native platform font.
\\XeTeXDeclareMathSymbol@option ...XeTeXcharglyph 
                                                  \XeTeXDeclareMathSymbol@sl...
l.33 ...in,Greek)[Numbers={Proportional}]{lmodern}
                                                  

! Missing = inserted for \ifnum.
<to be read again> 
                   `
l.33 ...in,Greek)[Numbers={Proportional}]{lmodern}
                                                  
I was expecting to see `<', `=', or `>'. Didn't.

! Cannot use \XeTeXcharglyph with nullfont; not a native platform font.
\\XeTeXDeclareMathSymbol@option ...XeTeXcharglyph 
                                                  \XeTeXDeclareMathSymbol@sl...
l.33 ...in,Greek)[Numbers={Proportional}]{lmodern}
                                                  

! Missing = inserted for \ifnum.
<to be read again> 
                   `
l.33 ...in,Greek)[Numbers={Proportional}]{lmodern}
                                                  
I was expecting to see `<', `=', or `>'. Didn't.

! Cannot use \XeTeXcharglyph with nullfont; not a native platform font.
\\XeTeXDeclareMathSymbol@option ...XeTeXcharglyph 
                                                  \XeTeXDeclareMathSymbol@sl...
l.33 ...in,Greek)[Numbers={Proportional}]{lmodern}
                                                  

! Missing = inserted for \ifnum.
<to be read again> 
                   `
l.33 ...in,Greek)[Numbers={Proportional}]{lmodern}
                                                  
I was expecting to see `<', `=', or `>'. Didn't.

! Cannot use \XeTeXcharglyph with nullfont; not a native platform font.
\\XeTeXDeclareMathSymbol@option ...XeTeXcharglyph 
                                                  \XeTeXDeclareMathSymbol@sl...
l.33 ...in,Greek)[Numbers={Proportional}]{lmodern}
                                                  

! Missing = inserted for \ifnum.
<to be read again> 
                   `
l.33 ...in,Greek)[Numbers={Proportional}]{lmodern}
                                                  
I was expecting to see `<', `=', or `>'. Didn't.

! Cannot use \XeTeXcharglyph with nullfont; not a native platform font.
\\XeTeXDeclareMathSymbol@option ...XeTeXcharglyph 
                                                  \XeTeXDeclareMathSymbol@sl...
l.33 ...in,Greek)[Numbers={Proportional}]{lmodern}
                                                  

! Missing = inserted for \ifnum.
<to be read again> 
                   `
l.33 ...in,Greek)[Numbers={Proportional}]{lmodern}
                                                  
I was expecting to see `<', `=', or `>'. Didn't.

! Cannot use \XeTeXcharglyph with nullfont; not a native platform font.
\\XeTeXDeclareMathSymbol@option ...XeTeXcharglyph 
                                                  \XeTeXDeclareMathSymbol@sl...
l.33 ...in,Greek)[Numbers={Proportional}]{lmodern}
                                                  

! Missing = inserted for \ifnum.
<to be read again> 
                   `
l.33 ...in,Greek)[Numbers={Proportional}]{lmodern}
                                                  
I was expecting to see `<', `=', or `>'. Didn't.

! Cannot use \XeTeXcharglyph with nullfont; not a native platform font.
\\XeTeXDeclareMathSymbol@option ...XeTeXcharglyph 
                                                  \XeTeXDeclareMathSymbol@sl...
l.33 ...in,Greek)[Numbers={Proportional}]{lmodern}
                                                  

! Missing = inserted for \ifnum.
<to be read again> 
                   `
l.33 ...in,Greek)[Numbers={Proportional}]{lmodern}
                                                  
I was expecting to see `<', `=', or `>'. Didn't.

! Cannot use \XeTeXcharglyph with nullfont; not a native platform font.
\\XeTeXDeclareMathSymbol@option ...XeTeXcharglyph 
                                                  \XeTeXDeclareMathSymbol@sl...
l.33 ...in,Greek)[Numbers={Proportional}]{lmodern}
                                                  

! Missing = inserted for \ifnum.
<to be read again> 
                   `
l.33 ...in,Greek)[Numbers={Proportional}]{lmodern}
                                                  
I was expecting to see `<', `=', or `>'. Didn't.

! Cannot use \XeTeXcharglyph with nullfont; not a native platform font.
\\XeTeXDeclareMathSymbol@option ...XeTeXcharglyph 
                                                  \XeTeXDeclareMathSymbol@sl...
l.33 ...in,Greek)[Numbers={Proportional}]{lmodern}
                                                  

! Missing = inserted for \ifnum.
<to be read again> 
                   `
l.33 ...in,Greek)[Numbers={Proportional}]{lmodern}
                                                  
I was expecting to see `<', `=', or `>'. Didn't.

! Cannot use \XeTeXcharglyph with nullfont; not a native platform font.
\\XeTeXDeclareMathSymbol@option ...XeTeXcharglyph 
                                                  \XeTeXDeclareMathSymbol@sl...
l.33 ...in,Greek)[Numbers={Proportional}]{lmodern}
                                                  

! Missing = inserted for \ifnum.
<to be read again> 
                   `
l.33 ...in,Greek)[Numbers={Proportional}]{lmodern}
                                                  
I was expecting to see `<', `=', or `>'. Didn't.

! Cannot use \XeTeXcharglyph with nullfont; not a native platform font.
\\XeTeXDeclareMathSymbol@option ...XeTeXcharglyph 
                                                  \XeTeXDeclareMathSymbol@sl...
l.33 ...in,Greek)[Numbers={Proportional}]{lmodern}
                                                  

! Missing = inserted for \ifnum.
<to be read again> 
                   `
l.33 ...in,Greek)[Numbers={Proportional}]{lmodern}
                                                  
I was expecting to see `<', `=', or `>'. Didn't.

! Cannot use \XeTeXcharglyph with nullfont; not a native platform font.
\\XeTeXDeclareMathSymbol@option ...XeTeXcharglyph 
                                                  \XeTeXDeclareMathSymbol@sl...
l.33 ...in,Greek)[Numbers={Proportional}]{lmodern}
                                                  

! Missing = inserted for \ifnum.
<to be read again> 
                   `
l.33 ...in,Greek)[Numbers={Proportional}]{lmodern}
                                                  
I was expecting to see `<', `=', or `>'. Didn't.

! Cannot use \XeTeXcharglyph with nullfont; not a native platform font.
\\XeTeXDeclareMathSymbol@option ...XeTeXcharglyph 
                                                  \XeTeXDeclareMathSymbol@sl...
l.33 ...in,Greek)[Numbers={Proportional}]{lmodern}
                                                  

! Missing = inserted for \ifnum.
<to be read again> 
                   `
l.33 ...in,Greek)[Numbers={Proportional}]{lmodern}
                                                  
I was expecting to see `<', `=', or `>'. Didn't.

! Cannot use \XeTeXcharglyph with nullfont; not a native platform font.
\\XeTeXDeclareMathSymbol@option ...XeTeXcharglyph 
                                                  \XeTeXDeclareMathSymbol@sl...
l.33 ...in,Greek)[Numbers={Proportional}]{lmodern}
                                                  

! Missing = inserted for \ifnum.
<to be read again> 
                   `
l.33 ...in,Greek)[Numbers={Proportional}]{lmodern}
                                                  
I was expecting to see `<', `=', or `>'. Didn't.

! Cannot use \XeTeXcharglyph with nullfont; not a native platform font.
\\XeTeXDeclareMathSymbol@option ...XeTeXcharglyph 
                                                  \XeTeXDeclareMathSymbol@sl...
l.33 ...in,Greek)[Numbers={Proportional}]{lmodern}
                                                  

! Missing = inserted for \ifnum.
<to be read again> 
                   `
l.33 ...in,Greek)[Numbers={Proportional}]{lmodern}
                                                  
I was expecting to see `<', `=', or `>'. Didn't.

! Cannot use \XeTeXcharglyph with nullfont; not a native platform font.
\\XeTeXDeclareMathSymbol@option ...XeTeXcharglyph 
                                                  \XeTeXDeclareMathSymbol@sl...
l.33 ...in,Greek)[Numbers={Proportional}]{lmodern}
                                                  

! Missing = inserted for \ifnum.
<to be read again> 
                   `
l.33 ...in,Greek)[Numbers={Proportional}]{lmodern}
                                                  
I was expecting to see `<', `=', or `>'. Didn't.

! Cannot use \XeTeXcharglyph with nullfont; not a native platform font.
\\XeTeXDeclareMathSymbol@option ...XeTeXcharglyph 
                                                  \XeTeXDeclareMathSymbol@sl...
l.33 ...in,Greek)[Numbers={Proportional}]{lmodern}
                                                  

! Missing = inserted for \ifnum.
<to be read again> 
                   `
l.33 ...in,Greek)[Numbers={Proportional}]{lmodern}
                                                  
I was expecting to see `<', `=', or `>'. Didn't.

! Cannot use \XeTeXcharglyph with nullfont; not a native platform font.
\\XeTeXDeclareMathSymbol@option ...XeTeXcharglyph 
                                                  \XeTeXDeclareMathSymbol@sl...
l.33 ...in,Greek)[Numbers={Proportional}]{lmodern}
                                                  

! Missing = inserted for \ifnum.
<to be read again> 
                   `
l.33 ...in,Greek)[Numbers={Proportional}]{lmodern}
                                                  
I was expecting to see `<', `=', or `>'. Didn't.

! Cannot use \XeTeXcharglyph with nullfont; not a native platform font.
\\XeTeXDeclareMathSymbol@option ...XeTeXcharglyph 
                                                  \XeTeXDeclareMathSymbol@sl...
l.33 ...in,Greek)[Numbers={Proportional}]{lmodern}
                                                  

! Missing = inserted for \ifnum.
<to be read again> 
                   `
l.33 ...in,Greek)[Numbers={Proportional}]{lmodern}
                                                  
I was expecting to see `<', `=', or `>'. Didn't.

! Cannot use \XeTeXcharglyph with nullfont; not a native platform font.
\\XeTeXDeclareMathSymbol@option ...XeTeXcharglyph 
                                                  \XeTeXDeclareMathSymbol@sl...
l.33 ...in,Greek)[Numbers={Proportional}]{lmodern}
                                                  

! Missing = inserted for \ifnum.
<to be read again> 
                   `
l.33 ...in,Greek)[Numbers={Proportional}]{lmodern}
                                                  
I was expecting to see `<', `=', or `>'. Didn't.

! Cannot use \XeTeXcharglyph with nullfont; not a native platform font.
\\XeTeXDeclareMathSymbol@option ...XeTeXcharglyph 
                                                  \XeTeXDeclareMathSymbol@sl...
l.33 ...in,Greek)[Numbers={Proportional}]{lmodern}
                                                  

! Missing = inserted for \ifnum.
<to be read again> 
                   `
l.33 ...in,Greek)[Numbers={Proportional}]{lmodern}
                                                  
I was expecting to see `<', `=', or `>'. Didn't.

! Cannot use \XeTeXcharglyph with nullfont; not a native platform font.
\\XeTeXDeclareMathSymbol@option ...XeTeXcharglyph 
                                                  \XeTeXDeclareMathSymbol@sl...
l.33 ...in,Greek)[Numbers={Proportional}]{lmodern}
                                                  

! Missing = inserted for \ifnum.
<to be read again> 
                   `
l.33 ...in,Greek)[Numbers={Proportional}]{lmodern}
                                                  
I was expecting to see `<', `=', or `>'. Didn't.

! Cannot use \XeTeXcharglyph with nullfont; not a native platform font.
\\XeTeXDeclareMathSymbol@option ...XeTeXcharglyph 
                                                  \XeTeXDeclareMathSymbol@sl...
l.33 ...in,Greek)[Numbers={Proportional}]{lmodern}
                                                  

! Missing = inserted for \ifnum.
<to be read again> 
                   `
l.33 ...in,Greek)[Numbers={Proportional}]{lmodern}
                                                  
I was expecting to see `<', `=', or `>'. Didn't.

! Cannot use \XeTeXcharglyph with nullfont; not a native platform font.
\\XeTeXDeclareMathSymbol@option ...XeTeXcharglyph 
                                                  \XeTeXDeclareMathSymbol@sl...
l.33 ...in,Greek)[Numbers={Proportional}]{lmodern}
                                                  

! Missing = inserted for \ifnum.
<to be read again> 
                   `
l.33 ...in,Greek)[Numbers={Proportional}]{lmodern}
                                                  
I was expecting to see `<', `=', or `>'. Didn't.

! Cannot use \XeTeXcharglyph with nullfont; not a native platform font.
\\XeTeXDeclareMathSymbol@option ...XeTeXcharglyph 
                                                  \XeTeXDeclareMathSymbol@sl...
l.33 ...in,Greek)[Numbers={Proportional}]{lmodern}
                                                  

! Missing = inserted for \ifnum.
<to be read again> 
                   `
l.33 ...in,Greek)[Numbers={Proportional}]{lmodern}
                                                  
(That makes 100 errors; please try again.) 
Here is how much of TeX's memory you used:
 21616 strings out of 494992
 397921 string characters out of 6172465
 443300 words of memory out of 5000000
 24777 multiletter control sequences out of 15000+600000
 4346 words of font info for 22 fonts, out of 8000000 for 9000
 372 hyphenation exceptions out of 8191
 49i,0n,67p,10481b,211s stack positions out of 5000i,500n,10000p,200000b,80000s

No pages of output.
