This is pdfTeX, Version 3.1415926-2.3-1.40.12 (TeX Live 2011) (format=pdflatex 2012.4.12)  19 MAR 2013 15:45
entering extended mode
 restricted \write18 enabled.
 %&-line parsing enabled.
**Schreiben_Krankengeld_KOMA-Class.tex
(./Schreiben_Krankengeld_KOMA-Class.tex
LaTeX2e <2011/06/27>
Babel <v3.8m> and hyphenation patterns for english, dumylang, nohyphenation, ge
rman-x-2011-07-01, ngerman-x-2011-07-01, afrikaans, armenian, basque, bulgarian
, coptic, ukenglish, usenglishmax, esperanto, estonian, french, german, ngerman
, swissgerman, icelandic, indonesian, interlingua, irish, kurmanji, lao, romani
an, russian, serbian, serbianc, slovenian, turkish, ukrainian, uppersorbian, we
lsh, loaded.
(/usr/local/texlive/2011/texmf-dist/tex/latex/koma-script/scrlttr2.cls
Document Class: scrlttr2 2012/03/08 v3.10a KOMA-Script document class (letter)
(/usr/local/texlive/2011/texmf-dist/tex/latex/koma-script/scrkbase.sty
Package: scrkbase 2012/03/08 v3.10a KOMA-Script package (KOMA-Script-dependent 
basics and keyval usage)

(/usr/local/texlive/2011/texmf-dist/tex/latex/koma-script/scrbase.sty
Package: scrbase 2012/03/08 v3.10a KOMA-Script package (KOMA-Script-independent
 basics and keyval usage)

(/usr/local/texlive/2011/texmf-dist/tex/latex/graphics/keyval.sty
Package: keyval 1999/03/16 v1.13 key=value parser (DPC)
\KV@toks@=\toks14
)
(/usr/local/texlive/2011/texmf-dist/tex/latex/koma-script/scrlfile.sty
Package: scrlfile 2011/03/09 v3.09 KOMA-Script package (loading files)

Package scrlfile, 2011/03/09 v3.09 KOMA-Script package (loading files)
                  Copyright (C) Markus Kohm

)))
Package scrlttr2 Info: You've used obsolete option `10pt'.
(scrlttr2)             \KOMAExecuteOptions{fontsize=10pt} will be
(scrlttr2)             used instead.
(scrlttr2)             You may simply replace `10pt'
(scrlttr2)             by `fontsize=10pt'.
Class scrlttr2 Info: File `scrsize10pt.clo' used to setup font sizes on input l
ine 1170.
 (/usr/local/texlive/2011/texmf-dist/tex/latex/koma-script/scrsize10pt.clo
File: scrsize10pt.clo 2012/03/08 v3.10a KOMA-Script font size class option (10p
t)
)
(/usr/local/texlive/2011/texmf-dist/tex/latex/koma-script/typearea.sty
Package: typearea 2012/03/08 v3.10a KOMA-Script package (type area)

Package typearea, 2012/03/08 v3.10a KOMA-Script package (type area)
                  Copyright (C) Frank Neukam, 1992-1994
                  Copyright (C) Markus Kohm, 1994-

\ta@bcor=\skip41
\ta@div=\count79
\ta@hblk=\skip42
\ta@vblk=\skip43
\ta@temp=\skip44
Package typearea Info: These are the values describing the layout:
(typearea)             DIV  = 8
(typearea)             BCOR = 0.0pt
(typearea)             \paperwidth      = 597.50793pt
(typearea)              \textwidth      = 373.44246pt
(typearea)              DIV departure   = -4%
(typearea)              \evensidemargin = 39.76274pt
(typearea)              \oddsidemargin  = 39.76274pt
(typearea)             \paperheight     = 845.04694pt
(typearea)              \textheight     = 538.0pt
(typearea)              \topmargin      = 0.36087pt
(typearea)              \headheight     = 15.0pt
(typearea)              \headsep        = 18.0pt
(typearea)              \topskip        = 10.0pt
(typearea)              \footskip       = 42.0pt
(typearea)              \baselineskip   = 12.0pt
(typearea)              on input line 1177.
))
Class scrlttr2 Info: Letter-Class-Option `DIN' loaded on input line 2.
 (/usr/local/texlive/2011/texmf-dist/tex/latex/koma-script/DIN.lco
File: DIN.lco 2012/03/08 v3.10a KOMA-Script letter-class-option
)
(/usr/local/texlive/2011/texmf-dist/tex/latex/base/inputenc.sty
Package: inputenc 2008/03/30 v1.1d Input encoding file
\inpenc@prehook=\toks15
\inpenc@posthook=\toks16

(/usr/local/texlive/2011/texmf-dist/tex/latex/base/ansinew.def
File: ansinew.def 2008/03/30 v1.1d Input encoding file
))
(/usr/local/texlive/2011/texmf-dist/tex/latex/tools/multicol.sty
Package: multicol 2011/06/27 v1.7a multicolumn formatting (FMi)
\c@tracingmulticols=\count80
\mult@box=\box26
\multicol@leftmargin=\dimen102
\c@unbalance=\count81
\c@collectmore=\count82
\doublecol@number=\count83
\multicoltolerance=\count84
\multicolpretolerance=\count85
\full@width=\dimen103
\page@free=\dimen104
\premulticols=\dimen105
\postmulticols=\dimen106
\multicolsep=\skip45
\multicolbaselineskip=\skip46
\partial@page=\box27
\last@line=\box28
\mult@rightbox=\box29
\mult@grightbox=\box30
\mult@gfirstbox=\box31
\mult@firstbox=\box32
\@tempa=\box33
\@tempa=\box34
\@tempa=\box35
\@tempa=\box36
\@tempa=\box37
\@tempa=\box38
\@tempa=\box39
\@tempa=\box40
\@tempa=\box41
\@tempa=\box42
\@tempa=\box43
\@tempa=\box44
\@tempa=\box45
\@tempa=\box46
\@tempa=\box47
\@tempa=\box48
\@tempa=\box49
\c@columnbadness=\count86
\c@finalcolumnbadness=\count87
\last@try=\dimen107
\multicolovershoot=\dimen108
\multicolundershoot=\dimen109
\mult@nat@firstbox=\box50
\colbreak@box=\box51
\multicol@sort@counter=\count88
)
(/usr/local/texlive/2011/texmf-dist/tex/latex/rotating/rotating.sty
Package: rotating 2009/03/28 v2.16a rotated objects in LaTeX

(/usr/local/texlive/2011/texmf-dist/tex/latex/graphics/graphicx.sty
Package: graphicx 1999/02/16 v1.0f Enhanced LaTeX Graphics (DPC,SPQR)

(/usr/local/texlive/2011/texmf-dist/tex/latex/graphics/graphics.sty
Package: graphics 2009/02/05 v1.0o Standard LaTeX Graphics (DPC,SPQR)

(/usr/local/texlive/2011/texmf-dist/tex/latex/graphics/trig.sty
Package: trig 1999/03/16 v1.09 sin cos tan (DPC)
)
(/usr/local/texlive/2011/texmf-dist/tex/latex/latexconfig/graphics.cfg
File: graphics.cfg 2010/04/23 v1.9 graphics configuration of TeX Live
)
Package graphics Info: Driver file: pdftex.def on input line 91.

(/usr/local/texlive/2011/texmf-dist/tex/latex/pdftex-def/pdftex.def
File: pdftex.def 2011/05/27 v0.06d Graphics/color for pdfTeX

(/usr/local/texlive/2011/texmf-dist/tex/generic/oberdiek/infwarerr.sty
Package: infwarerr 2010/04/08 v1.3 Providing info/warning/message (HO)
)
(/usr/local/texlive/2011/texmf-dist/tex/generic/oberdiek/ltxcmds.sty
Package: ltxcmds 2011/04/18 v1.20 LaTeX kernel commands for general use (HO)
)
\Gread@gobject=\count89
))
\Gin@req@height=\dimen110
\Gin@req@width=\dimen111
)
(/usr/local/texlive/2011/texmf-dist/tex/latex/base/ifthen.sty
Package: ifthen 2001/05/26 v1.1c Standard LaTeX ifthen package (DPC)
)
\c@r@tfl@t=\count90
\rotFPtop=\skip47
\rotFPbot=\skip48
\rot@float@box=\box52
\rot@mess@toks=\toks17
)
(/usr/local/texlive/2011/texmf-dist/tex/latex/xcolor/xcolor.sty
Package: xcolor 2007/01/21 v2.11 LaTeX color extensions (UK)

(/usr/local/texlive/2011/texmf-dist/tex/latex/latexconfig/color.cfg
File: color.cfg 2007/01/18 v1.5 color configuration of teTeX/TeXLive
)
Package xcolor Info: Driver file: pdftex.def on input line 225.
Package xcolor Info: Model `cmy' substituted by `cmy0' on input line 1337.
Package xcolor Info: Model `hsb' substituted by `rgb' on input line 1341.
Package xcolor Info: Model `RGB' extended on input line 1353.
Package xcolor Info: Model `HTML' substituted by `rgb' on input line 1355.
Package xcolor Info: Model `Hsb' substituted by `hsb' on input line 1356.
Package xcolor Info: Model `tHsb' substituted by `hsb' on input line 1357.
Package xcolor Info: Model `HSB' substituted by `hsb' on input line 1358.
Package xcolor Info: Model `Gray' substituted by `gray' on input line 1359.
Package xcolor Info: Model `wave' substituted by `hsb' on input line 1360.
)
(/usr/local/texlive/2011/texmf-dist/tex/generic/babel/babel.sty
Package: babel 2008/07/08 v3.8m The Babel package

(/usr/local/texlive/2011/texmf-dist/tex/generic/babel/germanb.ldf
Language: germanb 2008/06/01 v2.6m German support from the babel system

(/usr/local/texlive/2011/texmf-dist/tex/generic/babel/babel.def
File: babel.def 2008/07/08 v3.8m Babel common definitions
\babel@savecnt=\count91
\U@D=\dimen112
)
\l@austrian = a dialect from \language\l@german 
Package babel Info: Making " an active character on input line 102.
))
(/usr/local/texlive/2011/texmf-dist/tex/latex/geometry/geometry.sty
Package: geometry 2010/09/12 v5.6 Page Geometry

(/usr/local/texlive/2011/texmf-dist/tex/generic/oberdiek/ifpdf.sty
Package: ifpdf 2011/01/30 v2.3 Provides the ifpdf switch (HO)
Package ifpdf Info: pdfTeX in PDF mode is detected.
)
(/usr/local/texlive/2011/texmf-dist/tex/generic/oberdiek/ifvtex.sty
Package: ifvtex 2010/03/01 v1.5 Switches for detecting VTeX and its modes (HO)
Package ifvtex Info: VTeX not detected.
)
(/usr/local/texlive/2011/texmf-dist/tex/generic/ifxetex/ifxetex.sty
Package: ifxetex 2010/09/12 v0.6 Provides ifxetex conditional
)
\Gm@cnth=\count92
\Gm@cntv=\count93
\c@Gm@tempcnt=\count94
\Gm@bindingoffset=\dimen113
\Gm@wd@mp=\dimen114
\Gm@odd@mp=\dimen115
\Gm@even@mp=\dimen116
\Gm@layoutwidth=\dimen117
\Gm@layoutheight=\dimen118
\Gm@layouthoffset=\dimen119
\Gm@layoutvoffset=\dimen120
\Gm@dimlist=\toks18
)
(/usr/local/texlive/2011/texmf-dist/tex/latex/base/textcomp.sty
Package: textcomp 2005/09/27 v1.99g Standard LaTeX package
Package textcomp Info: Sub-encoding information:
(textcomp)               5 = only ISO-Adobe without \textcurrency
(textcomp)               4 = 5 + \texteuro
(textcomp)               3 = 4 + \textohm
(textcomp)               2 = 3 + \textestimated + \textcurrency
(textcomp)               1 = TS1 - \textcircled - \t
(textcomp)               0 = TS1 (full)
(textcomp)             Font families with sub-encoding setting implement
(textcomp)             only a restricted character set as indicated.
(textcomp)             Family '?' is the default used for unknown fonts.
(textcomp)             See the documentation for details.
Package textcomp Info: Setting ? sub-encoding to TS1/1 on input line 71.

(/usr/local/texlive/2011/texmf-dist/tex/latex/base/ts1enc.def
File: ts1enc.def 2001/06/05 v3.0e (jk/car/fm) Standard LaTeX file
)
LaTeX Info: Redefining \oldstylenums on input line 266.
Package textcomp Info: Setting cmr sub-encoding to TS1/0 on input line 281.
Package textcomp Info: Setting cmss sub-encoding to TS1/0 on input line 282.
Package textcomp Info: Setting cmtt sub-encoding to TS1/0 on input line 283.
Package textcomp Info: Setting cmvtt sub-encoding to TS1/0 on input line 284.
Package textcomp Info: Setting cmbr sub-encoding to TS1/0 on input line 285.
Package textcomp Info: Setting cmtl sub-encoding to TS1/0 on input line 286.
Package textcomp Info: Setting ccr sub-encoding to TS1/0 on input line 287.
Package textcomp Info: Setting ptm sub-encoding to TS1/4 on input line 288.
Package textcomp Info: Setting pcr sub-encoding to TS1/4 on input line 289.
Package textcomp Info: Setting phv sub-encoding to TS1/4 on input line 290.
Package textcomp Info: Setting ppl sub-encoding to TS1/3 on input line 291.
Package textcomp Info: Setting pag sub-encoding to TS1/4 on input line 292.
Package textcomp Info: Setting pbk sub-encoding to TS1/4 on input line 293.
Package textcomp Info: Setting pnc sub-encoding to TS1/4 on input line 294.
Package textcomp Info: Setting pzc sub-encoding to TS1/4 on input line 295.
Package textcomp Info: Setting bch sub-encoding to TS1/4 on input line 296.
Package textcomp Info: Setting put sub-encoding to TS1/5 on input line 297.
Package textcomp Info: Setting uag sub-encoding to TS1/5 on input line 298.
Package textcomp Info: Setting ugq sub-encoding to TS1/5 on input line 299.
Package textcomp Info: Setting ul8 sub-encoding to TS1/4 on input line 300.
Package textcomp Info: Setting ul9 sub-encoding to TS1/4 on input line 301.
Package textcomp Info: Setting augie sub-encoding to TS1/5 on input line 302.
Package textcomp Info: Setting dayrom sub-encoding to TS1/3 on input line 303.
Package textcomp Info: Setting dayroms sub-encoding to TS1/3 on input line 304.

Package textcomp Info: Setting pxr sub-encoding to TS1/0 on input line 305.
Package textcomp Info: Setting pxss sub-encoding to TS1/0 on input line 306.
Package textcomp Info: Setting pxtt sub-encoding to TS1/0 on input line 307.
Package textcomp Info: Setting txr sub-encoding to TS1/0 on input line 308.
Package textcomp Info: Setting txss sub-encoding to TS1/0 on input line 309.
Package textcomp Info: Setting txtt sub-encoding to TS1/0 on input line 310.
Package textcomp Info: Setting lmr sub-encoding to TS1/0 on input line 311.
Package textcomp Info: Setting lmdh sub-encoding to TS1/0 on input line 312.
Package textcomp Info: Setting lmss sub-encoding to TS1/0 on input line 313.
Package textcomp Info: Setting lmssq sub-encoding to TS1/0 on input line 314.
Package textcomp Info: Setting lmvtt sub-encoding to TS1/0 on input line 315.
Package textcomp Info: Setting qhv sub-encoding to TS1/0 on input line 316.
Package textcomp Info: Setting qag sub-encoding to TS1/0 on input line 317.
Package textcomp Info: Setting qbk sub-encoding to TS1/0 on input line 318.
Package textcomp Info: Setting qcr sub-encoding to TS1/0 on input line 319.
Package textcomp Info: Setting qcs sub-encoding to TS1/0 on input line 320.
Package textcomp Info: Setting qpl sub-encoding to TS1/0 on input line 321.
Package textcomp Info: Setting qtm sub-encoding to TS1/0 on input line 322.
Package textcomp Info: Setting qzc sub-encoding to TS1/0 on input line 323.
Package textcomp Info: Setting qhvc sub-encoding to TS1/0 on input line 324.
Package textcomp Info: Setting futs sub-encoding to TS1/4 on input line 325.
Package textcomp Info: Setting futx sub-encoding to TS1/4 on input line 326.
Package textcomp Info: Setting futj sub-encoding to TS1/4 on input line 327.
Package textcomp Info: Setting hlh sub-encoding to TS1/3 on input line 328.
Package textcomp Info: Setting hls sub-encoding to TS1/3 on input line 329.
Package textcomp Info: Setting hlst sub-encoding to TS1/3 on input line 330.
Package textcomp Info: Setting hlct sub-encoding to TS1/5 on input line 331.
Package textcomp Info: Setting hlx sub-encoding to TS1/5 on input line 332.
Package textcomp Info: Setting hlce sub-encoding to TS1/5 on input line 333.
Package textcomp Info: Setting hlcn sub-encoding to TS1/5 on input line 334.
Package textcomp Info: Setting hlcw sub-encoding to TS1/5 on input line 335.
Package textcomp Info: Setting hlcf sub-encoding to TS1/5 on input line 336.
Package textcomp Info: Setting pplx sub-encoding to TS1/3 on input line 337.
Package textcomp Info: Setting pplj sub-encoding to TS1/3 on input line 338.
Package textcomp Info: Setting ptmx sub-encoding to TS1/4 on input line 339.
Package textcomp Info: Setting ptmj sub-encoding to TS1/4 on input line 340.
)
(/usr/local/texlive/2011/texmf-dist/tex/latex/marvosym/marvosym.sty
Package: marvosym 2011/07/20 v2.2 Martin Vogel's Symbols font definitions
)
(/usr/local/texlive/2011/texmf-dist/tex/latex/tools/tabularx.sty
Package: tabularx 1999/01/07 v2.07 `tabularx' package (DPC)

(/usr/local/texlive/2011/texmf-dist/tex/latex/tools/array.sty
Package: array 2008/09/09 v2.4c Tabular extension package (FMi)
\col@sep=\dimen121
\extrarowheight=\dimen122
\NC@list=\toks19
\extratabsurround=\skip49
\backup@length=\skip50
)
\TX@col@width=\dimen123
\TX@old@table=\dimen124
\TX@old@col=\dimen125
\TX@target=\dimen126
\TX@delta=\dimen127
\TX@cols=\count95
\TX@ftn=\toks20
)
(/usr/local/texlive/2011/texmf-dist/tex/latex/booktabs/booktabs.sty
Package: booktabs 2005/04/14 v1.61803 publication quality tables
\heavyrulewidth=\dimen128
\lightrulewidth=\dimen129
\cmidrulewidth=\dimen130
\belowrulesep=\dimen131
\belowbottomsep=\dimen132
\aboverulesep=\dimen133
\abovetopsep=\dimen134
\cmidrulesep=\dimen135
\cmidrulekern=\dimen136
\defaultaddspace=\dimen137
\@cmidla=\count96
\@cmidlb=\count97
\@aboverulesep=\dimen138
\@belowrulesep=\dimen139
\@thisruleclass=\count98
\@lastruleclass=\count99
\@thisrulewidth=\dimen140
)
(/usr/local/texlive/2011/texmf-dist/tex/latex/relsize/relsize.sty
Package: relsize 2011/09/21 ver 4.0

Examine \normalsize starts \@setfontsize size may be \@xpt. 
Examine \small starts \@setfontsize size may be \@ixpt. 
Examine \footnotesize starts \@setfontsize size may be \@viiipt. 
Examine \large starts \@setfontsize size may be \@xiipt. 
Examine \Large starts \@setfontsize size may be \@xivpt. 
Examine \LARGE starts \@setfontsize size may be \@xviipt. 
Examine \scriptsize starts \@setfontsize size may be \@viipt. 
Examine \tiny starts \@setfontsize size may be \@vpt. 
Examine \huge starts \@setfontsize size may be \@xxpt. 
Examine \Huge starts \@setfontsize size may be \@xxvpt. )
(/usr/local/texlive/2011/texmf-dist/tex/latex/colortbl/colortbl.sty
Package: colortbl 2012/02/13 v1.0a Color table columns (DPC)
\everycr=\toks21
\minrowclearance=\skip51
)
(./Schreiben_Krankengeld_KOMA-Class.aux)
\openout1 = `Schreiben_Krankengeld_KOMA-Class.aux'.

LaTeX Font Info:    Checking defaults for OML/cmm/m/it on input line 46.
LaTeX Font Info:    ... okay on input line 46.
LaTeX Font Info:    Checking defaults for T1/cmr/m/n on input line 46.
LaTeX Font Info:    ... okay on input line 46.
LaTeX Font Info:    Checking defaults for OT1/cmr/m/n on input line 46.
LaTeX Font Info:    ... okay on input line 46.
LaTeX Font Info:    Checking defaults for OMS/cmsy/m/n on input line 46.
LaTeX Font Info:    ... okay on input line 46.
LaTeX Font Info:    Checking defaults for OMX/cmex/m/n on input line 46.
LaTeX Font Info:    ... okay on input line 46.
LaTeX Font Info:    Checking defaults for U/cmr/m/n on input line 46.
LaTeX Font Info:    ... okay on input line 46.
LaTeX Font Info:    Checking defaults for TS1/cmr/m/n on input line 46.
LaTeX Font Info:    Try loading font information for TS1+cmr on input line 46.

(/usr/local/texlive/2011/texmf-dist/tex/latex/base/ts1cmr.fd
File: ts1cmr.fd 1999/05/25 v2.5h Standard LaTeX font definitions
)
LaTeX Font Info:    ... okay on input line 46.
Package scrbase Info: No captions found for `USenglish'
(scrbase)             --> skipped on input line 46.
Class scrlttr2 Info: no date found for language `USenglish'
(scrlttr2)           --> skipped on input line 46.
Package scrbase Info: No captions found for `american'
(scrbase)             --> skipped on input line 46.
Class scrlttr2 Info: no date found for language `american'
(scrlttr2)           --> skipped on input line 46.
Package scrbase Info: No captions found for `british'
(scrbase)             --> skipped on input line 46.
Class scrlttr2 Info: no date found for language `british'
(scrlttr2)           --> skipped on input line 46.
Package scrbase Info: No captions found for `UKenglish'
(scrbase)             --> skipped on input line 46.
Class scrlttr2 Info: no date found for language `UKenglish'
(scrlttr2)           --> skipped on input line 46.
Package scrbase Info: `\ccname' at language `german' already defined
(scrbase)             --> skipped on input line 46.
Package scrbase Info: `\enclname' at language `german' already defined
(scrbase)             --> skipped on input line 46.
Package scrbase Info: `\headtoname' at language `german' already defined
(scrbase)             --> skipped on input line 46.
Package scrbase Info: `\pagename' at language `german' already defined
(scrbase)             --> skipped on input line 46.
Package scrbase Info: No captions found for `ngerman'
(scrbase)             --> skipped on input line 46.
Class scrlttr2 Info: no date found for language `ngerman'
(scrlttr2)           --> skipped on input line 46.
Package scrbase Info: No captions found for `austrian'
(scrbase)             --> skipped on input line 46.
Package scrbase Info: No captions found for `naustrian'
(scrbase)             --> skipped on input line 46.
Class scrlttr2 Info: no date found for language `naustrian'
(scrlttr2)           --> skipped on input line 46.
Package scrbase Info: No captions found for `french'
(scrbase)             --> skipped on input line 46.
Class scrlttr2 Info: no date found for language `french'
(scrlttr2)           --> skipped on input line 46.
Package scrbase Info: No captions found for `italian'
(scrbase)             --> skipped on input line 46.
Class scrlttr2 Info: no date found for language `italian'
(scrlttr2)           --> skipped on input line 46.
Package scrbase Info: No captions found for `spanish'
(scrbase)             --> skipped on input line 46.
Class scrlttr2 Info: no date found for language `spanish'
(scrlttr2)           --> skipped on input line 46.
Package scrbase Info: No captions found for `croatian'
(scrbase)             --> skipped on input line 46.
Class scrlttr2 Info: no date found for language `croatian'
(scrlttr2)           --> skipped on input line 46.
Package scrbase Info: No captions found for `dutch'
(scrbase)             --> skipped on input line 46.
Class scrlttr2 Info: no date found for language `dutch'
(scrlttr2)           --> skipped on input line 46.
Package scrbase Info: No captions found for `finnish'
(scrbase)             --> skipped on input line 46.
Class scrlttr2 Info: no date found for language `finnish'
(scrlttr2)           --> skipped on input line 46.
Package scrbase Info: No captions found for `norsk'
(scrbase)             --> skipped on input line 46.
Class scrlttr2 Info: no date found for language `norsk'
(scrlttr2)           --> skipped on input line 46.
Package scrbase Info: No captions found for `swedish'
(scrbase)             --> skipped on input line 46.
Class scrlttr2 Info: no date found for language `swedish'
(scrlttr2)           --> skipped on input line 46.
Class scrlttr2 Info: used language is `german'.
(scrlttr2)           Supported languages are `english', `UKenglish',
(scrlttr2)           `british', `american', `USenglish',
(scrlttr2)           `german', `ngerman', `austrian', `naustrian',
(scrlttr2)           `dutch', `italian', `spanish',
(scrlttr2)           `croatian', `finnish', `norsk' on input line 46.

(/usr/local/texlive/2011/texmf-dist/tex/context/base/supp-pdf.mkii
[Loading MPS to PDF converter (version 2006.09.02).]
\scratchcounter=\count100
\scratchdimen=\dimen141
\scratchbox=\box53
\nofMPsegments=\count101
\nofMParguments=\count102
\everyMPshowfont=\toks22
\MPscratchCnt=\count103
\MPscratchDim=\dimen142
\MPnumerator=\count104
\makeMPintoPDFobject=\count105
\everyMPtoPDFconversion=\toks23
) (/usr/local/texlive/2011/texmf-dist/tex/generic/oberdiek/pdftexcmds.sty
Package: pdftexcmds 2011/04/22 v0.16 Utilities of pdfTeX for LuaTeX (HO)

(/usr/local/texlive/2011/texmf-dist/tex/generic/oberdiek/ifluatex.sty
Package: ifluatex 2010/03/01 v1.3 Provides the ifluatex switch (HO)
Package ifluatex Info: LuaTeX not detected.
)
Package pdftexcmds Info: LuaTeX not detected.
Package pdftexcmds Info: \pdf@primitive is available.
Package pdftexcmds Info: \pdf@ifprimitive is available.
Package pdftexcmds Info: \pdfdraftmode found.
)
(/usr/local/texlive/2011/texmf-dist/tex/latex/oberdiek/epstopdf-base.sty
Package: epstopdf-base 2010/02/09 v2.5 Base part for package epstopdf

(/usr/local/texlive/2011/texmf-dist/tex/latex/oberdiek/grfext.sty
Package: grfext 2010/08/19 v1.1 Managing graphics extensions (HO)

(/usr/local/texlive/2011/texmf-dist/tex/generic/oberdiek/kvdefinekeys.sty
Package: kvdefinekeys 2011/04/07 v1.3 Defining keys (HO)
))
(/usr/local/texlive/2011/texmf-dist/tex/latex/oberdiek/kvoptions.sty
Package: kvoptions 2010/12/23 v3.10 Keyval support for LaTeX options (HO)

(/usr/local/texlive/2011/texmf-dist/tex/generic/oberdiek/kvsetkeys.sty
Package: kvsetkeys 2011/04/07 v1.13 Key value parser (HO)

(/usr/local/texlive/2011/texmf-dist/tex/generic/oberdiek/etexcmds.sty
Package: etexcmds 2011/02/16 v1.5 Prefix for e-TeX command names (HO)
Package etexcmds Info: Could not find \expanded.
(etexcmds)             That can mean that you are not using pdfTeX 1.50 or
(etexcmds)             that some package has redefined \expanded.
(etexcmds)             In the latter case, load this package earlier.
)))
Package grfext Info: Graphics extension search list:
(grfext)             [.png,.pdf,.jpg,.mps,.jpeg,.jbig2,.jb2,.PNG,.PDF,.JPG,.JPE
G,.JBIG2,.JB2,.eps]
(grfext)             \AppendGraphicsExtensions on input line 452.

(/usr/local/texlive/2011/texmf-dist/tex/latex/latexconfig/epstopdf-sys.cfg
File: epstopdf-sys.cfg 2010/07/13 v1.3 Configuration of (r)epstopdf for TeX Liv
e
))
*geometry* driver: auto-detecting
*geometry* detected driver: pdftex
*geometry* verbose mode - [ preamble ] result:
* driver: pdftex
* paper: <default>
* layout: <same size as paper>
* layoutoffset:(h,v)=(0.0pt,0.0pt)
* modes: 
* h-part:(L,W,R)=(89.6271pt, 418.25372pt, 89.6271pt)
* v-part:(T,H,B)=(22.76219pt, 799.52255pt, 22.76219pt)
* \paperwidth=597.50793pt
* \paperheight=845.04694pt
* \textwidth=418.25372pt
* \textheight=799.52255pt
* \oddsidemargin=17.35712pt
* \evensidemargin=17.35712pt
* \topmargin=-82.5078pt
* \headheight=15.0pt
* \headsep=18.0pt
* \topskip=10.0pt
* \footskip=42.0pt
* \marginparwidth=74.68849pt
* \marginparsep=12.8401pt
* \columnsep=0.0pt
* \skip\footins=9.0pt plus 4.0pt minus 2.0pt
* \hoffset=0.0pt
* \voffset=0.0pt
* \mag=1000
* \@twocolumnfalse
* \@twosidefalse
* \@mparswitchfalse
* \@reversemarginfalse
* (1in=72.27pt=25.4mm, 1cm=28.453pt)

LaTeX Font Info:    External font `cmex10' loaded for size
(Font)              <7> on input line 61.
LaTeX Font Info:    External font `cmex10' loaded for size
(Font)              <5> on input line 61.
<DAK-Gesundheit_logo.png, id=1, 128.48pt x 69.25874pt>
File: DAK-Gesundheit_logo.png Graphic file (type png)

<use DAK-Gesundheit_logo.png>
Package pdftex.def Info: DAK-Gesundheit_logo.png used on input line 62.
(pdftex.def)             Requested size: 85.35826pt x 46.01419pt.

Overfull \hbox (10.00002pt too wide) in paragraph at lines 87--91
[] 
 []


Underfull \hbox (badness 10000) in paragraph at lines 106--107

 []

LaTeX Font Info:    Try loading font information for TS1+cmss on input line 108
.
(/usr/local/texlive/2011/texmf-dist/tex/latex/base/ts1cmss.fd
File: ts1cmss.fd 1999/05/25 v2.5h Standard LaTeX font definitions
)
(/usr/local/texlive/2011/texmf-dist/tex/latex/marvosym/umvs.fd)
Underfull \hbox (badness 10000) in paragraph at lines 138--138
[]|\OT1/cmss/m/sl/8 01.10.2011 --
 []


Underfull \hbox (badness 10000) in paragraph at lines 138--138
[]|\OT1/cmss/m/sl/8 01.01.2012 --
 []


Overfull \hbox (10.00002pt too wide) in paragraph at lines 138--139
[][] 
 []


Underfull \hbox (badness 10000) in paragraph at lines 147--150

 []


Overfull \hbox (10.00002pt too wide) in paragraph at lines 171--172
[][] 
 []

[1

{/usr/local/texlive/2011/texmf-var/fonts/map/pdftex/updmap/pdftex.map} <./DAK-G
esundheit_logo.png>]
File: DAK-Gesundheit_logo.png Graphic file (type png)
 <use DAK-Gesundheit_logo.png>
Package pdftex.def Info: DAK-Gesundheit_logo.png used on input line 176.
(pdftex.def)             Requested size: 85.35826pt x 46.01419pt.

Overfull \hbox (10.00002pt too wide) in paragraph at lines 208--209
[][] 
 []

[2] (./Schreiben_Krankengeld_KOMA-Class.aux) ) 
Here is how much of TeX's memory you used:
 5097 strings out of 494180
 74775 string characters out of 3162112
 181528 words of memory out of 3000000
 8245 multiletter control sequences out of 15000+200000
 9823 words of font info for 33 fonts, out of 3000000 for 9000
 598 hyphenation exceptions out of 8191
 47i,11n,42p,675b,319s stack positions out of 5000i,500n,10000p,200000b,50000s
{/usr/local/texlive/2011/texmf-di
st/fonts/enc/dvips/cm-super/cm-super-ts1.enc}</usr/local/texlive/2011/texmf-dis
t/fonts/type1/public/amsfonts/cm/cmss10.pfb></usr/local/texlive/2011/texmf-dist
/fonts/type1/public/amsfonts/cm/cmss8.pfb></usr/local/texlive/2011/texmf-dist/f
onts/type1/public/amsfonts/cm/cmss9.pfb></usr/local/texlive/2011/texmf-dist/fon
ts/type1/public/amsfonts/cm/cmssbx10.pfb></usr/local/texlive/2011/texmf-dist/fo
nts/type1/public/amsfonts/cm/cmssi8.pfb></usr/local/texlive/2011/texmf-dist/fon
ts/type1/public/marvosym/marvosym.pfb></usr/local/texlive/2011/texmf-dist/fonts
/type1/public/cm-super/sfsi0700.pfb></usr/local/texlive/2011/texmf-dist/fonts/t
ype1/public/cm-super/sfss1000.pfb>
Output written on Schreiben_Krankengeld_KOMA-Class.pdf (2 pages, 90889 bytes).
PDF statistics:
 47 PDF objects out of 1000 (max. 8388607)
 32 compressed objects within 1 object stream
 0 named destinations out of 1000 (max. 500000)
 6 words of extra memory for PDF output out of 10000 (max. 10000000)

