This is pdfTeX, Version 3.14159265-2.6-1.40.18 (TeX Live 2017/Debian) (preloaded format=pdflatex 2017.10.22)  19 DEC 2017 20:26
entering extended mode
 restricted \write18 enabled.
 %&-line parsing enabled.
**Schreiben-DAK_Mitgliedsbeiträge.tex
(./Schreiben-DAK_Mitgliedsbeiträge.tex
LaTeX2e <2017-04-15>
Babel <3.12> and hyphenation patterns for 84 language(s) loaded.
(/usr/share/texlive/texmf-dist/tex/latex/koma-script/scrlttr2.cls
Document Class: scrlttr2 2017/04/13 v3.23 KOMA-Script document class (letter)
(/usr/share/texlive/texmf-dist/tex/latex/koma-script/scrkbase.sty
Package: scrkbase 2017/04/13 v3.23 KOMA-Script package (KOMA-Script-dependent b
asics and keyval usage)

(/usr/share/texlive/texmf-dist/tex/latex/koma-script/scrbase.sty
Package: scrbase 2017/04/13 v3.23 KOMA-Script package (KOMA-Script-independent 
basics and keyval usage)

(/usr/share/texlive/texmf-dist/tex/latex/graphics/keyval.sty
Package: keyval 2014/10/28 v1.15 key=value parser (DPC)
\KV@toks@=\toks14
)
(/usr/share/texlive/texmf-dist/tex/latex/koma-script/scrlfile.sty
Package: scrlfile 2017/04/13 v3.23 KOMA-Script package (loading files)

Package scrlfile, 2017/04/13 v3.23 KOMA-Script package (loading files)
                  Copyright (C) Markus Kohm

)))
Package scrbase Info: Unknown processing state.
(scrbase)             Processing option `locfield=narrow'
(scrbase)             of member `.scrlttr2.cls' of family
(scrbase)             `KOMA' doesn't set
(scrbase)             a valid state. This will be interpreted
(scrbase)             as \FamilyKeyStateProcessed on input line 1382.
Class scrlttr2 Info: File `scrsize10pt.clo' used to setup font sizes on input l
ine 1783.
 (/usr/share/texlive/texmf-dist/tex/latex/koma-script/scrsize10pt.clo
File: scrsize10pt.clo 2017/04/13 v3.23 KOMA-Script font size class option (10pt
)
)
LaTeX Info: Redefining \textsubscript on input line 1924.

(/usr/share/texlive/texmf-dist/tex/latex/koma-script/typearea.sty
Package: typearea 2017/04/13 v3.23 KOMA-Script package (type area)
\ta@bcor=\skip41
\ta@div=\count79
\ta@hblk=\skip42
\ta@vblk=\skip43
\ta@temp=\skip44
\footheight=\skip45
Package typearea Info: These are the values describing the layout:
(typearea)             DIV  = 8
(typearea)             BCOR = 0.0pt
(typearea)             \paperwidth      = 597.50793pt
(typearea)              \textwidth      = 373.44246pt
(typearea)              DIV departure   = -4%
(typearea)              \evensidemargin = 39.76274pt
(typearea)              \oddsidemargin  = 39.76274pt
(typearea)             \paperheight     = 845.04694pt
(typearea)              \textheight     = 502.0pt
(typearea)              \topmargin      = 33.36087pt
(typearea)              \headheight     = 15.0pt
(typearea)              \headsep        = 18.0pt
(typearea)              \topskip        = 10.0pt
(typearea)              \footskip       = 42.0pt
(typearea)              \baselineskip   = 12.0pt
(typearea)              on input line 1647.
)
\c@letter=\count80
)
Class scrlttr2 Info: Letter-Class-Option `DIN' loaded on input line 41.

(/usr/share/texlive/texmf-dist/tex/latex/koma-script/DIN.lco
File: DIN.lco 2017/04/13 v3.23 KOMA-Script letter-class-option
)
(/usr/share/texlive/texmf-dist/tex/generic/german/ngerman.sty v2.5e 1998-07-08
Package: ngerman 1998/07/08 v2.5e Support for writing german texts (br)
\grmnU@D=\dimen102
ngerman -- \language number for naustrian undefined, default 14 used.
) (/usr/share/texlive/texmf-dist/tex/latex/base/fontenc.sty
Package: fontenc 2017/04/05 v2.0i Standard LaTeX package

(/usr/share/texlive/texmf-dist/tex/latex/base/t1enc.def
File: t1enc.def 2017/04/05 v2.0i Standard LaTeX file
LaTeX Font Info:    Redeclaring font encoding T1 on input line 48.
))
(/usr/share/texlive/texmf-dist/tex/latex/base/inputenc.sty
Package: inputenc 2015/03/17 v1.2c Input encoding file
\inpenc@prehook=\toks15
\inpenc@posthook=\toks16

(/usr/share/texlive/texmf-dist/tex/latex/base/latin1.def
File: latin1.def 2015/03/17 v1.2c Input encoding file
))
(/usr/share/texlive/texmf-dist/tex/latex/url/url.sty
\Urlmuskip=\muskip10
Package: url 2013/09/16  ver 3.4  Verb mode for urls, etc.
)
Package scrkbase Info: You've told me to redefine the font selection of the
(scrkbase)             element `subject' that is an alias of element
(scrkbase)             `lettersubject' on input line 50.

(/usr/share/texlive/texmf-dist/tex/latex/psnfss/mathpazo.sty
Package: mathpazo 2005/04/12 PSNFSS-v9.2a Palatino w/ Pazo Math (D.Puga, WaS) 
\symupright=\mathgroup4
)
(./Schreiben-DAK_Mitgliedsbeiträge.aux)
\openout1 = `Schreiben-DAK_Mitgliedsbeiträge.aux'.

LaTeX Font Info:    Checking defaults for OML/cmm/m/it on input line 56.
LaTeX Font Info:    ... okay on input line 56.
LaTeX Font Info:    Checking defaults for T1/cmr/m/n on input line 56.
LaTeX Font Info:    ... okay on input line 56.
LaTeX Font Info:    Checking defaults for OT1/cmr/m/n on input line 56.
LaTeX Font Info:    ... okay on input line 56.
LaTeX Font Info:    Checking defaults for OMS/cmsy/m/n on input line 56.
LaTeX Font Info:    ... okay on input line 56.
LaTeX Font Info:    Checking defaults for OMX/cmex/m/n on input line 56.
LaTeX Font Info:    ... okay on input line 56.
LaTeX Font Info:    Checking defaults for U/cmr/m/n on input line 56.
LaTeX Font Info:    ... okay on input line 56.
LaTeX Font Info:    Try loading font information for T1+ppl on input line 56.

(/usr/share/texlive/texmf-dist/tex/latex/psnfss/t1ppl.fd
File: t1ppl.fd 2001/06/04 font definitions for T1/ppl.
)
Class scrlttr2 Info: no date found for language `american'
(scrlttr2)           --> skipped on input line 56.
Class scrlttr2 Info: no date found for language `australien'
(scrlttr2)           --> skipped on input line 56.
Class scrlttr2 Info: no date found for language `british'
(scrlttr2)           --> skipped on input line 56.
Class scrlttr2 Info: no date found for language `canadian'
(scrlttr2)           --> skipped on input line 56.
Class scrlttr2 Info: no date found for language `newzealand'
(scrlttr2)           --> skipped on input line 56.
Class scrlttr2 Info: no date found for language `UKenglish'
(scrlttr2)           --> skipped on input line 56.
Package scrbase Info: activating ngerman \yourrefname on input line 56.
Package scrbase Info: activating ngerman \yourmailname on input line 56.
Package scrbase Info: activating ngerman \myrefname on input line 56.
Package scrbase Info: activating ngerman \customername on input line 56.
Package scrbase Info: activating ngerman \invoicename on input line 56.
Package scrbase Info: activating ngerman \subjectname on input line 56.
Package scrbase Info: activating ngerman \headfromname on input line 56.
Package scrbase Info: activating ngerman \datename on input line 56.
Package scrbase Info: activating ngerman \phonename on input line 56.
Package scrbase Info: activating ngerman \mobilephonename on input line 56.
Package scrbase Info: activating ngerman \faxname on input line 56.
Package scrbase Info: activating ngerman \emailname on input line 56.
Package scrbase Info: activating ngerman \wwwname on input line 56.
Package scrbase Info: activating ngerman \bankname on input line 56.
Class scrlttr2 Info: no date found for language `german'
(scrlttr2)           --> skipped on input line 56.
Class scrlttr2 Info: no date found for language `austrian'
(scrlttr2)           --> skipped on input line 56.
Class scrlttr2 Info: no date found for language `swissgerman'
(scrlttr2)           --> skipped on input line 56.
Class scrlttr2 Info: no date found for language `nswissgerman'
(scrlttr2)           --> skipped on input line 56.
Class scrlttr2 Info: no date found for language `acadian'
(scrlttr2)           --> skipped on input line 56.
Class scrlttr2 Info: no date found for language `canadien'
(scrlttr2)           --> skipped on input line 56.
Class scrlttr2 Info: no date found for language `francais'
(scrlttr2)           --> skipped on input line 56.
Class scrlttr2 Info: no date found for language `italian'
(scrlttr2)           --> skipped on input line 56.
Class scrlttr2 Info: no date found for language `spanish'
(scrlttr2)           --> skipped on input line 56.
Class scrlttr2 Info: no date found for language `croatian'
(scrlttr2)           --> skipped on input line 56.
Class scrlttr2 Info: no date found for language `dutch'
(scrlttr2)           --> skipped on input line 56.
Class scrlttr2 Info: no date found for language `finnish'
(scrlttr2)           --> skipped on input line 56.
Class scrlttr2 Info: no date found for language `norsk'
(scrlttr2)           --> skipped on input line 56.
Class scrlttr2 Info: no date found for language `swedish'
(scrlttr2)           --> skipped on input line 56.
Class scrlttr2 Info: no date found for language `polish'
(scrlttr2)           --> skipped on input line 56.
Class scrlttr2 Info: no date found for language `czech'
(scrlttr2)           --> skipped on input line 56.
Class scrlttr2 Info: no date found for language `slovak'
(scrlttr2)           --> skipped on input line 56.
Class scrlttr2 Info: trying to activate captions and date
(scrlttr2)           of language `ngerman' on input line 56.
Class scrlttr2 Info: used language is `ngerman'.
(scrlttr2)           Supported languages are: `english', `UKenglish',
(scrlttr2)           `british', `american', `USenglish', `australian`,
(scrlttr2)           `canadian', `newzealand',
(scrlttr2)           `german', `ngerman', `austrian', `naustrian',
(scrlttr2)           `swissgerman', `nswissgermsn',
(scrlttr2)           `acadian', `canadien', `francais', `french', 
(scrlttr2)           `dutch', `italian', `spanish', `polish',
(scrlttr2)           `croatian', `finnish', `norsk', `swedish',
(scrlttr2)           `czech'. `slovak'  on input line 56.
\big@size=\dimen103
Class scrlttr2 Info: Letter-Class-Option `DIN' loaded on input line 59.

(/usr/share/texlive/texmf-dist/tex/latex/koma-script/DIN.lco
File: DIN.lco 2017/04/13 v3.23 KOMA-Script letter-class-option
)

Class scrlttr2 Warning: Deprecated usage of \firsthead.
(scrlttr2)              You should use \setkomavar{firsthead}
(scrlttr2)              instead of \firsthead on input line 83.

Foldmarks: yes
Head of first page
Foot of first page
Address (backaddress, addressee)
LaTeX Font Info:    Try loading font information for OT1+ppl on input line 115.

(/usr/share/texlive/texmf-dist/tex/latex/psnfss/ot1ppl.fd
File: ot1ppl.fd 2001/06/04 font definitions for OT1/ppl.
)
LaTeX Font Info:    Try loading font information for OML+zplm on input line 115
.

(/usr/share/texlive/texmf-dist/tex/latex/psnfss/omlzplm.fd
File: omlzplm.fd 2002/09/08 Fontinst v1.914 font definitions for OML/zplm.
)
LaTeX Font Info:    Try loading font information for OMS+zplm on input line 115
.

(/usr/share/texlive/texmf-dist/tex/latex/psnfss/omszplm.fd
File: omszplm.fd 2002/09/08 Fontinst v1.914 font definitions for OMS/zplm.
)
LaTeX Font Info:    Try loading font information for OMX+zplm on input line 115
.

(/usr/share/texlive/texmf-dist/tex/latex/psnfss/omxzplm.fd
File: omxzplm.fd 2002/09/08 Fontinst v1.914 font definitions for OMX/zplm.
)
LaTeX Font Info:    Try loading font information for OT1+zplm on input line 115
.

(/usr/share/texlive/texmf-dist/tex/latex/psnfss/ot1zplm.fd
File: ot1zplm.fd 2002/09/08 Fontinst v1.914 font definitions for OT1/zplm.
)
Location field: empty
LaTeX Font Info:    Try loading font information for T1+cmss on input line 115.

(/usr/share/texlive/texmf-dist/tex/latex/base/t1cmss.fd
File: t1cmss.fd 2014/09/29 v2.5h Standard LaTeX font definitions
)
Title: no
Subject: before opening
[1



{/var/lib/texmf/fonts/map/pdftex/updmap/pdftex.map}]
(./Schreiben-DAK_Mitgliedsbeiträge.aux) ) 
Here is how much of TeX's memory you used:
 2262 strings out of 492990
 35336 string characters out of 6135004
 168682 words of memory out of 5000000
 5826 multiletter control sequences out of 15000+600000
 14819 words of font info for 36 fonts, out of 8000000 for 9000
 1141 hyphenation exceptions out of 8191
 41i,8n,50p,771b,204s stack positions out of 5000i,500n,10000p,200000b,80000s
{/usr/share/texmf/fonts/enc/dvips/cm-
super/cm-super-t1.enc}{/usr/share/texlive/texmf-dist/fonts/enc/dvips/base/8r.en
c}</usr/share/texmf/fonts/type1/public/cm-super/sfss0700.pfb></usr/share/texliv
e/texmf-dist/fonts/type1/urw/palatino/uplr8a.pfb>
Output written on Schreiben-DAK_Mitgliedsbeiträge.pdf (1 page, 30866 bytes).
PDF statistics:
 18 PDF objects out of 1000 (max. 8388607)
 12 compressed objects within 1 object stream
 0 named destinations out of 1000 (max. 500000)
 1 words of extra memory for PDF output out of 10000 (max. 10000000)

